{"C:\\git\\graphql-app\\dist\\utils.js": {"path":"C:\\git\\graphql-app\\dist\\utils.js","statementMap":{"0":{"start":{"line":2,"column":0},"end":{"line":2,"column":62}},"1":{"start":{"line":3,"column":0},"end":{"line":3,"column":63}},"2":{"start":{"line":6,"column":8},"end":{"line":6,"column":40}},"3":{"start":{"line":9,"column":21},"end":{"line":9,"column":32}},"4":{"start":{"line":10,"column":8},"end":{"line":13,"column":9}},"5":{"start":{"line":11,"column":12},"end":{"line":12,"column":34}},"6":{"start":{"line":12,"column":16},"end":{"line":12,"column":34}},"7":{"start":{"line":14,"column":8},"end":{"line":14,"column":22}},"8":{"start":{"line":17,"column":21},"end":{"line":17,"column":32}},"9":{"start":{"line":18,"column":8},"end":{"line":21,"column":9}},"10":{"start":{"line":19,"column":12},"end":{"line":20,"column":38}},"11":{"start":{"line":20,"column":16},"end":{"line":20,"column":38}},"12":{"start":{"line":22,"column":8},"end":{"line":22,"column":22}},"13":{"start":{"line":25,"column":8},"end":{"line":28,"column":15}},"14":{"start":{"line":26,"column":12},"end":{"line":26,"column":45}},"15":{"start":{"line":27,"column":12},"end":{"line":27,"column":23}},"16":{"start":{"line":31,"column":0},"end":{"line":31,"column":20}},"17":{"start":{"line":32,"column":0},"end":{"line":32,"column":28}},"18":{"start":{"line":34,"column":20},"end":{"line":34,"column":43}},"19":{"start":{"line":35,"column":4},"end":{"line":40,"column":5}},"20":{"start":{"line":36,"column":8},"end":{"line":36,"column":48}},"21":{"start":{"line":36,"column":39},"end":{"line":36,"column":46}},"22":{"start":{"line":39,"column":8},"end":{"line":39,"column":25}},"23":{"start":{"line":42,"column":0},"end":{"line":42,"column":30}},"24":{"start":{"line":43,"column":19},"end":{"line":50,"column":1}},"25":{"start":{"line":44,"column":12},"end":{"line":44,"column":26}},"26":{"start":{"line":44,"column":36},"end":{"line":44,"column":59}},"27":{"start":{"line":44,"column":67},"end":{"line":44,"column":83}},"28":{"start":{"line":44,"column":92},"end":{"line":44,"column":107}},"29":{"start":{"line":45,"column":4},"end":{"line":46,"column":28}},"30":{"start":{"line":46,"column":8},"end":{"line":46,"column":28}},"31":{"start":{"line":47,"column":4},"end":{"line":48,"column":24}},"32":{"start":{"line":48,"column":8},"end":{"line":48,"column":24}},"33":{"start":{"line":49,"column":4},"end":{"line":49,"column":40}},"34":{"start":{"line":51,"column":0},"end":{"line":51,"column":32}}},"fnMap":{"0":{"name":"(anonymous_0)","decl":{"start":{"line":5,"column":4},"end":{"line":5,"column":5}},"loc":{"start":{"line":5,"column":26},"end":{"line":7,"column":5}},"line":5},"1":{"name":"(anonymous_1)","decl":{"start":{"line":8,"column":4},"end":{"line":8,"column":5}},"loc":{"start":{"line":8,"column":24},"end":{"line":15,"column":5}},"line":8},"2":{"name":"(anonymous_2)","decl":{"start":{"line":16,"column":4},"end":{"line":16,"column":5}},"loc":{"start":{"line":16,"column":25},"end":{"line":23,"column":5}},"line":16},"3":{"name":"(anonymous_3)","decl":{"start":{"line":24,"column":4},"end":{"line":24,"column":5}},"loc":{"start":{"line":24,"column":26},"end":{"line":29,"column":5}},"line":24},"4":{"name":"(anonymous_4)","decl":{"start":{"line":25,"column":40},"end":{"line":25,"column":41}},"loc":{"start":{"line":25,"column":57},"end":{"line":28,"column":9}},"line":25},"5":{"name":"whiteList","decl":{"start":{"line":33,"column":9},"end":{"line":33,"column":18}},"loc":{"start":{"line":33,"column":30},"end":{"line":41,"column":1}},"line":33},"6":{"name":"(anonymous_6)","decl":{"start":{"line":36,"column":32},"end":{"line":36,"column":33}},"loc":{"start":{"line":36,"column":39},"end":{"line":36,"column":46}},"line":36},"7":{"name":"(anonymous_7)","decl":{"start":{"line":43,"column":19},"end":{"line":43,"column":20}},"loc":{"start":{"line":43,"column":29},"end":{"line":50,"column":1}},"line":43}},"branchMap":{"0":{"loc":{"start":{"line":11,"column":12},"end":{"line":12,"column":34}},"type":"if","locations":[{"start":{"line":11,"column":12},"end":{"line":12,"column":34}},{"start":{},"end":{}}],"line":11},"1":{"loc":{"start":{"line":19,"column":12},"end":{"line":20,"column":38}},"type":"if","locations":[{"start":{"line":19,"column":12},"end":{"line":20,"column":38}},{"start":{},"end":{}}],"line":19},"2":{"loc":{"start":{"line":33,"column":19},"end":{"line":33,"column":28}},"type":"default-arg","locations":[{"start":{"line":33,"column":24},"end":{"line":33,"column":28}}],"line":33},"3":{"loc":{"start":{"line":35,"column":4},"end":{"line":40,"column":5}},"type":"if","locations":[{"start":{"line":35,"column":4},"end":{"line":40,"column":5}},{"start":{"line":38,"column":9},"end":{"line":40,"column":5}}],"line":35},"4":{"loc":{"start":{"line":45,"column":4},"end":{"line":46,"column":28}},"type":"if","locations":[{"start":{"line":45,"column":4},"end":{"line":46,"column":28}},{"start":{},"end":{}}],"line":45},"5":{"loc":{"start":{"line":47,"column":4},"end":{"line":48,"column":24}},"type":"if","locations":[{"start":{"line":47,"column":4},"end":{"line":48,"column":24}},{"start":{},"end":{}}],"line":47}},"s":{"0":1,"1":1,"2":256,"3":2,"4":2,"5":30,"6":15,"7":2,"8":15,"9":15,"10":226,"11":113,"12":15,"13":2,"14":15,"15":15,"16":1,"17":1,"18":0,"19":0,"20":0,"21":0,"22":0,"23":1,"24":1,"25":0,"26":0,"27":0,"28":0,"29":0,"30":0,"31":0,"32":0,"33":0,"34":1},"f":{"0":256,"1":2,"2":15,"3":2,"4":15,"5":0,"6":0,"7":0},"b":{"0":[15,15],"1":[113,113],"2":[0],"3":[0,0],"4":[0,0],"5":[0,0]},"inputSourceMap":null,"_coverageSchema":"1a1c01bbd47fc00a2c39e90264f33305004495a9","hash":"b7d6a2cd1a521ebee6ae52211cb63da12ea35f0b"}
,"C:\\git\\graphql-app\\dist\\Api\\OaApi.js": {"path":"C:\\git\\graphql-app\\dist\\Api\\OaApi.js","statementMap":{"0":{"start":{"line":2,"column":0},"end":{"line":2,"column":62}},"1":{"start":{"line":3,"column":0},"end":{"line":3,"column":23}},"2":{"start":{"line":8,"column":0},"end":{"line":8,"column":22}}},"fnMap":{"0":{"name":"(anonymous_0)","decl":{"start":{"line":5,"column":4},"end":{"line":5,"column":5}},"loc":{"start":{"line":5,"column":34},"end":{"line":6,"column":5}},"line":5}},"branchMap":{},"s":{"0":1,"1":1,"2":1},"f":{"0":5},"b":{},"inputSourceMap":null,"_coverageSchema":"1a1c01bbd47fc00a2c39e90264f33305004495a9","hash":"ead18a164545299ed9d2313b5474b9a645dc6385"}
,"C:\\git\\graphql-app\\dist\\DB\\OaDb.js": {"path":"C:\\git\\graphql-app\\dist\\DB\\OaDb.js","statementMap":{"0":{"start":{"line":2,"column":16},"end":{"line":10,"column":1}},"1":{"start":{"line":3,"column":28},"end":{"line":3,"column":110}},"2":{"start":{"line":3,"column":91},"end":{"line":3,"column":106}},"3":{"start":{"line":4,"column":4},"end":{"line":9,"column":7}},"4":{"start":{"line":5,"column":36},"end":{"line":5,"column":97}},"5":{"start":{"line":5,"column":42},"end":{"line":5,"column":70}},"6":{"start":{"line":5,"column":85},"end":{"line":5,"column":95}},"7":{"start":{"line":6,"column":35},"end":{"line":6,"column":100}},"8":{"start":{"line":6,"column":41},"end":{"line":6,"column":73}},"9":{"start":{"line":6,"column":88},"end":{"line":6,"column":98}},"10":{"start":{"line":7,"column":32},"end":{"line":7,"column":116}},"11":{"start":{"line":8,"column":8},"end":{"line":8,"column":78}},"12":{"start":{"line":11,"column":22},"end":{"line":13,"column":1}},"13":{"start":{"line":12,"column":4},"end":{"line":12,"column":62}},"14":{"start":{"line":14,"column":0},"end":{"line":14,"column":62}},"15":{"start":{"line":15,"column":16},"end":{"line":15,"column":34}},"16":{"start":{"line":16,"column":17},"end":{"line":16,"column":43}},"17":{"start":{"line":17,"column":18},"end":{"line":17,"column":45}},"18":{"start":{"line":18,"column":17},"end":{"line":18,"column":43}},"19":{"start":{"line":19,"column":22},"end":{"line":19,"column":53}},"20":{"start":{"line":20,"column":16},"end":{"line":20,"column":35}},"21":{"start":{"line":21,"column":18},"end":{"line":21,"column":45}},"22":{"start":{"line":22,"column":18},"end":{"line":22,"column":49}},"23":{"start":{"line":23,"column":22},"end":{"line":23,"column":74}},"24":{"start":{"line":26,"column":8},"end":{"line":36,"column":11}},"25":{"start":{"line":27,"column":24},"end":{"line":27,"column":80}},"26":{"start":{"line":28,"column":12},"end":{"line":33,"column":13}},"27":{"start":{"line":29,"column":16},"end":{"line":29,"column":33}},"28":{"start":{"line":32,"column":16},"end":{"line":32,"column":41}},"29":{"start":{"line":34,"column":23},"end":{"line":34,"column":59}},"30":{"start":{"line":35,"column":12},"end":{"line":35,"column":24}},"31":{"start":{"line":39,"column":8},"end":{"line":44,"column":11}},"32":{"start":{"line":40,"column":24},"end":{"line":42,"column":14}},"33":{"start":{"line":43,"column":12},"end":{"line":43,"column":24}},"34":{"start":{"line":47,"column":8},"end":{"line":65,"column":11}},"35":{"start":{"line":48,"column":24},"end":{"line":48,"column":26}},"36":{"start":{"line":49,"column":24},"end":{"line":49,"column":26}},"37":{"start":{"line":50,"column":12},"end":{"line":52,"column":13}},"38":{"start":{"line":51,"column":16},"end":{"line":51,"column":33}},"39":{"start":{"line":53,"column":12},"end":{"line":55,"column":13}},"40":{"start":{"line":54,"column":16},"end":{"line":54,"column":30}},"41":{"start":{"line":56,"column":12},"end":{"line":58,"column":13}},"42":{"start":{"line":57,"column":16},"end":{"line":57,"column":42}},"43":{"start":{"line":59,"column":12},"end":{"line":61,"column":13}},"44":{"start":{"line":60,"column":16},"end":{"line":60,"column":76}},"45":{"start":{"line":62,"column":12},"end":{"line":62,"column":32}},"46":{"start":{"line":63,"column":23},"end":{"line":63,"column":61}},"47":{"start":{"line":64,"column":12},"end":{"line":64,"column":24}},"48":{"start":{"line":68,"column":8},"end":{"line":92,"column":11}},"49":{"start":{"line":69,"column":24},"end":{"line":69,"column":26}},"50":{"start":{"line":70,"column":25},"end":{"line":70,"column":27}},"51":{"start":{"line":71,"column":12},"end":{"line":71,"column":56}},"52":{"start":{"line":72,"column":12},"end":{"line":88,"column":13}},"53":{"start":{"line":73,"column":16},"end":{"line":73,"column":33}},"54":{"start":{"line":76,"column":16},"end":{"line":78,"column":17}},"55":{"start":{"line":77,"column":20},"end":{"line":77,"column":35}},"56":{"start":{"line":79,"column":16},"end":{"line":81,"column":17}},"57":{"start":{"line":80,"column":20},"end":{"line":80,"column":49}},"58":{"start":{"line":82,"column":16},"end":{"line":84,"column":17}},"59":{"start":{"line":83,"column":20},"end":{"line":83,"column":37}},"60":{"start":{"line":85,"column":16},"end":{"line":87,"column":17}},"61":{"start":{"line":86,"column":20},"end":{"line":86,"column":73}},"62":{"start":{"line":89,"column":12},"end":{"line":89,"column":33}},"63":{"start":{"line":90,"column":23},"end":{"line":90,"column":59}},"64":{"start":{"line":91,"column":12},"end":{"line":91,"column":24}},"65":{"start":{"line":95,"column":8},"end":{"line":114,"column":11}},"66":{"start":{"line":96,"column":24},"end":{"line":96,"column":26}},"67":{"start":{"line":97,"column":25},"end":{"line":97,"column":27}},"68":{"start":{"line":98,"column":12},"end":{"line":98,"column":56}},"69":{"start":{"line":99,"column":12},"end":{"line":101,"column":13}},"70":{"start":{"line":100,"column":16},"end":{"line":100,"column":33}},"71":{"start":{"line":102,"column":12},"end":{"line":104,"column":13}},"72":{"start":{"line":103,"column":16},"end":{"line":103,"column":36}},"73":{"start":{"line":105,"column":12},"end":{"line":107,"column":13}},"74":{"start":{"line":106,"column":16},"end":{"line":106,"column":69}},"75":{"start":{"line":108,"column":12},"end":{"line":110,"column":13}},"76":{"start":{"line":109,"column":16},"end":{"line":109,"column":45}},"77":{"start":{"line":111,"column":12},"end":{"line":111,"column":33}},"78":{"start":{"line":112,"column":23},"end":{"line":112,"column":111}},"79":{"start":{"line":113,"column":12},"end":{"line":113,"column":24}},"80":{"start":{"line":117,"column":8},"end":{"line":129,"column":11}},"81":{"start":{"line":118,"column":24},"end":{"line":118,"column":26}},"82":{"start":{"line":119,"column":25},"end":{"line":119,"column":27}},"83":{"start":{"line":120,"column":12},"end":{"line":125,"column":13}},"84":{"start":{"line":121,"column":16},"end":{"line":121,"column":55}},"85":{"start":{"line":124,"column":16},"end":{"line":124,"column":53}},"86":{"start":{"line":126,"column":12},"end":{"line":126,"column":33}},"87":{"start":{"line":127,"column":23},"end":{"line":127,"column":61}},"88":{"start":{"line":128,"column":12},"end":{"line":128,"column":67}},"89":{"start":{"line":132,"column":8},"end":{"line":137,"column":11}},"90":{"start":{"line":133,"column":25},"end":{"line":133,"column":77}},"91":{"start":{"line":134,"column":12},"end":{"line":134,"column":48}},"92":{"start":{"line":135,"column":12},"end":{"line":135,"column":26}},"93":{"start":{"line":136,"column":12},"end":{"line":136,"column":26}},"94":{"start":{"line":140,"column":8},"end":{"line":148,"column":11}},"95":{"start":{"line":141,"column":12},"end":{"line":147,"column":13}},"96":{"start":{"line":142,"column":16},"end":{"line":142,"column":49}},"97":{"start":{"line":143,"column":16},"end":{"line":143,"column":38}},"98":{"start":{"line":146,"column":16},"end":{"line":146,"column":29}},"99":{"start":{"line":151,"column":0},"end":{"line":151,"column":23}}},"fnMap":{"0":{"name":"(anonymous_0)","decl":{"start":{"line":2,"column":44},"end":{"line":2,"column":45}},"loc":{"start":{"line":2,"column":89},"end":{"line":10,"column":1}},"line":2},"1":{"name":"adopt","decl":{"start":{"line":3,"column":13},"end":{"line":3,"column":18}},"loc":{"start":{"line":3,"column":26},"end":{"line":3,"column":112}},"line":3},"2":{"name":"(anonymous_2)","decl":{"start":{"line":3,"column":70},"end":{"line":3,"column":71}},"loc":{"start":{"line":3,"column":89},"end":{"line":3,"column":108}},"line":3},"3":{"name":"(anonymous_3)","decl":{"start":{"line":4,"column":36},"end":{"line":4,"column":37}},"loc":{"start":{"line":4,"column":63},"end":{"line":9,"column":5}},"line":4},"4":{"name":"fulfilled","decl":{"start":{"line":5,"column":17},"end":{"line":5,"column":26}},"loc":{"start":{"line":5,"column":34},"end":{"line":5,"column":99}},"line":5},"5":{"name":"rejected","decl":{"start":{"line":6,"column":17},"end":{"line":6,"column":25}},"loc":{"start":{"line":6,"column":33},"end":{"line":6,"column":102}},"line":6},"6":{"name":"step","decl":{"start":{"line":7,"column":17},"end":{"line":7,"column":21}},"loc":{"start":{"line":7,"column":30},"end":{"line":7,"column":118}},"line":7},"7":{"name":"(anonymous_7)","decl":{"start":{"line":11,"column":56},"end":{"line":11,"column":57}},"loc":{"start":{"line":11,"column":71},"end":{"line":13,"column":1}},"line":11},"8":{"name":"(anonymous_8)","decl":{"start":{"line":25,"column":4},"end":{"line":25,"column":5}},"loc":{"start":{"line":25,"column":26},"end":{"line":37,"column":5}},"line":25},"9":{"name":"(anonymous_9)","decl":{"start":{"line":26,"column":47},"end":{"line":26,"column":48}},"loc":{"start":{"line":26,"column":60},"end":{"line":36,"column":9}},"line":26},"10":{"name":"(anonymous_10)","decl":{"start":{"line":38,"column":4},"end":{"line":38,"column":5}},"loc":{"start":{"line":38,"column":26},"end":{"line":45,"column":5}},"line":38},"11":{"name":"(anonymous_11)","decl":{"start":{"line":39,"column":47},"end":{"line":39,"column":48}},"loc":{"start":{"line":39,"column":60},"end":{"line":44,"column":9}},"line":39},"12":{"name":"(anonymous_12)","decl":{"start":{"line":46,"column":4},"end":{"line":46,"column":5}},"loc":{"start":{"line":46,"column":71},"end":{"line":66,"column":5}},"line":46},"13":{"name":"(anonymous_13)","decl":{"start":{"line":47,"column":47},"end":{"line":47,"column":48}},"loc":{"start":{"line":47,"column":60},"end":{"line":65,"column":9}},"line":47},"14":{"name":"(anonymous_14)","decl":{"start":{"line":67,"column":4},"end":{"line":67,"column":5}},"loc":{"start":{"line":67,"column":53},"end":{"line":93,"column":5}},"line":67},"15":{"name":"(anonymous_15)","decl":{"start":{"line":68,"column":47},"end":{"line":68,"column":48}},"loc":{"start":{"line":68,"column":60},"end":{"line":92,"column":9}},"line":68},"16":{"name":"(anonymous_16)","decl":{"start":{"line":94,"column":4},"end":{"line":94,"column":5}},"loc":{"start":{"line":94,"column":67},"end":{"line":115,"column":5}},"line":94},"17":{"name":"(anonymous_17)","decl":{"start":{"line":95,"column":47},"end":{"line":95,"column":48}},"loc":{"start":{"line":95,"column":60},"end":{"line":114,"column":9}},"line":95},"18":{"name":"(anonymous_18)","decl":{"start":{"line":116,"column":4},"end":{"line":116,"column":5}},"loc":{"start":{"line":116,"column":23},"end":{"line":130,"column":5}},"line":116},"19":{"name":"(anonymous_19)","decl":{"start":{"line":117,"column":47},"end":{"line":117,"column":48}},"loc":{"start":{"line":117,"column":60},"end":{"line":129,"column":9}},"line":117},"20":{"name":"(anonymous_20)","decl":{"start":{"line":131,"column":4},"end":{"line":131,"column":5}},"loc":{"start":{"line":131,"column":37},"end":{"line":138,"column":5}},"line":131},"21":{"name":"(anonymous_21)","decl":{"start":{"line":132,"column":47},"end":{"line":132,"column":48}},"loc":{"start":{"line":132,"column":60},"end":{"line":137,"column":9}},"line":132},"22":{"name":"(anonymous_22)","decl":{"start":{"line":139,"column":4},"end":{"line":139,"column":5}},"loc":{"start":{"line":139,"column":14},"end":{"line":149,"column":5}},"line":139},"23":{"name":"(anonymous_23)","decl":{"start":{"line":140,"column":47},"end":{"line":140,"column":48}},"loc":{"start":{"line":140,"column":60},"end":{"line":148,"column":9}},"line":140}},"branchMap":{"0":{"loc":{"start":{"line":2,"column":16},"end":{"line":10,"column":1}},"type":"binary-expr","locations":[{"start":{"line":2,"column":17},"end":{"line":2,"column":21}},{"start":{"line":2,"column":25},"end":{"line":2,"column":39}},{"start":{"line":2,"column":44},"end":{"line":10,"column":1}}],"line":2},"1":{"loc":{"start":{"line":3,"column":35},"end":{"line":3,"column":109}},"type":"cond-expr","locations":[{"start":{"line":3,"column":56},"end":{"line":3,"column":61}},{"start":{"line":3,"column":64},"end":{"line":3,"column":109}}],"line":3},"2":{"loc":{"start":{"line":4,"column":16},"end":{"line":4,"column":34}},"type":"binary-expr","locations":[{"start":{"line":4,"column":16},"end":{"line":4,"column":17}},{"start":{"line":4,"column":22},"end":{"line":4,"column":33}}],"line":4},"3":{"loc":{"start":{"line":7,"column":32},"end":{"line":7,"column":115}},"type":"cond-expr","locations":[{"start":{"line":7,"column":46},"end":{"line":7,"column":67}},{"start":{"line":7,"column":70},"end":{"line":7,"column":115}}],"line":7},"4":{"loc":{"start":{"line":8,"column":51},"end":{"line":8,"column":67}},"type":"binary-expr","locations":[{"start":{"line":8,"column":51},"end":{"line":8,"column":61}},{"start":{"line":8,"column":65},"end":{"line":8,"column":67}}],"line":8},"5":{"loc":{"start":{"line":11,"column":22},"end":{"line":13,"column":1}},"type":"binary-expr","locations":[{"start":{"line":11,"column":23},"end":{"line":11,"column":27}},{"start":{"line":11,"column":31},"end":{"line":11,"column":51}},{"start":{"line":11,"column":56},"end":{"line":13,"column":1}}],"line":11},"6":{"loc":{"start":{"line":12,"column":11},"end":{"line":12,"column":61}},"type":"cond-expr","locations":[{"start":{"line":12,"column":37},"end":{"line":12,"column":40}},{"start":{"line":12,"column":43},"end":{"line":12,"column":61}}],"line":12},"7":{"loc":{"start":{"line":12,"column":12},"end":{"line":12,"column":33}},"type":"binary-expr","locations":[{"start":{"line":12,"column":12},"end":{"line":12,"column":15}},{"start":{"line":12,"column":19},"end":{"line":12,"column":33}}],"line":12},"8":{"loc":{"start":{"line":25,"column":15},"end":{"line":25,"column":24}},"type":"default-arg","locations":[{"start":{"line":25,"column":20},"end":{"line":25,"column":24}}],"line":25},"9":{"loc":{"start":{"line":28,"column":12},"end":{"line":33,"column":13}},"type":"if","locations":[{"start":{"line":28,"column":12},"end":{"line":33,"column":13}},{"start":{"line":31,"column":17},"end":{"line":33,"column":13}}],"line":28},"10":{"loc":{"start":{"line":46,"column":19},"end":{"line":46,"column":28}},"type":"default-arg","locations":[{"start":{"line":46,"column":24},"end":{"line":46,"column":28}}],"line":46},"11":{"loc":{"start":{"line":46,"column":30},"end":{"line":46,"column":45}},"type":"default-arg","locations":[{"start":{"line":46,"column":41},"end":{"line":46,"column":45}}],"line":46},"12":{"loc":{"start":{"line":46,"column":47},"end":{"line":46,"column":69}},"type":"default-arg","locations":[{"start":{"line":46,"column":64},"end":{"line":46,"column":69}}],"line":46},"13":{"loc":{"start":{"line":50,"column":12},"end":{"line":52,"column":13}},"type":"if","locations":[{"start":{"line":50,"column":12},"end":{"line":52,"column":13}},{"start":{},"end":{}}],"line":50},"14":{"loc":{"start":{"line":50,"column":16},"end":{"line":50,"column":46}},"type":"binary-expr","locations":[{"start":{"line":50,"column":16},"end":{"line":50,"column":26}},{"start":{"line":50,"column":30},"end":{"line":50,"column":46}}],"line":50},"15":{"loc":{"start":{"line":53,"column":12},"end":{"line":55,"column":13}},"type":"if","locations":[{"start":{"line":53,"column":12},"end":{"line":55,"column":13}},{"start":{},"end":{}}],"line":53},"16":{"loc":{"start":{"line":56,"column":12},"end":{"line":58,"column":13}},"type":"if","locations":[{"start":{"line":56,"column":12},"end":{"line":58,"column":13}},{"start":{},"end":{}}],"line":56},"17":{"loc":{"start":{"line":59,"column":12},"end":{"line":61,"column":13}},"type":"if","locations":[{"start":{"line":59,"column":12},"end":{"line":61,"column":13}},{"start":{},"end":{}}],"line":59},"18":{"loc":{"start":{"line":67,"column":15},"end":{"line":67,"column":24}},"type":"default-arg","locations":[{"start":{"line":67,"column":20},"end":{"line":67,"column":24}}],"line":67},"19":{"loc":{"start":{"line":72,"column":12},"end":{"line":88,"column":13}},"type":"if","locations":[{"start":{"line":72,"column":12},"end":{"line":88,"column":13}},{"start":{"line":75,"column":17},"end":{"line":88,"column":13}}],"line":72},"20":{"loc":{"start":{"line":72,"column":16},"end":{"line":72,"column":83}},"type":"binary-expr","locations":[{"start":{"line":72,"column":16},"end":{"line":72,"column":26}},{"start":{"line":72,"column":30},"end":{"line":72,"column":47}},{"start":{"line":72,"column":51},"end":{"line":72,"column":62}},{"start":{"line":72,"column":66},"end":{"line":72,"column":83}}],"line":72},"21":{"loc":{"start":{"line":76,"column":16},"end":{"line":78,"column":17}},"type":"if","locations":[{"start":{"line":76,"column":16},"end":{"line":78,"column":17}},{"start":{},"end":{}}],"line":76},"22":{"loc":{"start":{"line":79,"column":16},"end":{"line":81,"column":17}},"type":"if","locations":[{"start":{"line":79,"column":16},"end":{"line":81,"column":17}},{"start":{},"end":{}}],"line":79},"23":{"loc":{"start":{"line":82,"column":16},"end":{"line":84,"column":17}},"type":"if","locations":[{"start":{"line":82,"column":16},"end":{"line":84,"column":17}},{"start":{},"end":{}}],"line":82},"24":{"loc":{"start":{"line":85,"column":16},"end":{"line":87,"column":17}},"type":"if","locations":[{"start":{"line":85,"column":16},"end":{"line":87,"column":17}},{"start":{},"end":{}}],"line":85},"25":{"loc":{"start":{"line":94,"column":20},"end":{"line":94,"column":29}},"type":"default-arg","locations":[{"start":{"line":94,"column":25},"end":{"line":94,"column":29}}],"line":94},"26":{"loc":{"start":{"line":94,"column":31},"end":{"line":94,"column":47}},"type":"default-arg","locations":[{"start":{"line":94,"column":43},"end":{"line":94,"column":47}}],"line":94},"27":{"loc":{"start":{"line":94,"column":49},"end":{"line":94,"column":65}},"type":"default-arg","locations":[{"start":{"line":94,"column":61},"end":{"line":94,"column":65}}],"line":94},"28":{"loc":{"start":{"line":99,"column":12},"end":{"line":101,"column":13}},"type":"if","locations":[{"start":{"line":99,"column":12},"end":{"line":101,"column":13}},{"start":{},"end":{}}],"line":99},"29":{"loc":{"start":{"line":99,"column":16},"end":{"line":99,"column":68}},"type":"binary-expr","locations":[{"start":{"line":99,"column":16},"end":{"line":99,"column":26}},{"start":{"line":99,"column":30},"end":{"line":99,"column":47}},{"start":{"line":99,"column":51},"end":{"line":99,"column":68}}],"line":99},"30":{"loc":{"start":{"line":102,"column":12},"end":{"line":104,"column":13}},"type":"if","locations":[{"start":{"line":102,"column":12},"end":{"line":104,"column":13}},{"start":{},"end":{}}],"line":102},"31":{"loc":{"start":{"line":105,"column":12},"end":{"line":107,"column":13}},"type":"if","locations":[{"start":{"line":105,"column":12},"end":{"line":107,"column":13}},{"start":{},"end":{}}],"line":105},"32":{"loc":{"start":{"line":108,"column":12},"end":{"line":110,"column":13}},"type":"if","locations":[{"start":{"line":108,"column":12},"end":{"line":110,"column":13}},{"start":{},"end":{}}],"line":108},"33":{"loc":{"start":{"line":120,"column":12},"end":{"line":125,"column":13}},"type":"if","locations":[{"start":{"line":120,"column":12},"end":{"line":125,"column":13}},{"start":{"line":123,"column":17},"end":{"line":125,"column":13}}],"line":120}},"s":{"0":1,"1":0,"2":0,"3":0,"4":0,"5":0,"6":0,"7":0,"8":0,"9":0,"10":0,"11":0,"12":1,"13":1,"14":1,"15":1,"16":1,"17":1,"18":1,"19":1,"20":1,"21":1,"22":1,"23":1,"24":0,"25":0,"26":0,"27":0,"28":0,"29":0,"30":0,"31":0,"32":0,"33":0,"34":0,"35":0,"36":0,"37":0,"38":0,"39":0,"40":0,"41":0,"42":0,"43":0,"44":0,"45":0,"46":0,"47":0,"48":0,"49":0,"50":0,"51":0,"52":0,"53":0,"54":0,"55":0,"56":0,"57":0,"58":0,"59":0,"60":0,"61":0,"62":0,"63":0,"64":0,"65":0,"66":0,"67":0,"68":0,"69":0,"70":0,"71":0,"72":0,"73":0,"74":0,"75":0,"76":0,"77":0,"78":0,"79":0,"80":0,"81":0,"82":0,"83":0,"84":0,"85":0,"86":0,"87":0,"88":0,"89":0,"90":0,"91":0,"92":0,"93":0,"94":0,"95":0,"96":0,"97":0,"98":0,"99":1},"f":{"0":0,"1":0,"2":0,"3":0,"4":0,"5":0,"6":0,"7":1,"8":0,"9":0,"10":0,"11":0,"12":0,"13":0,"14":0,"15":0,"16":0,"17":0,"18":0,"19":0,"20":0,"21":0,"22":0,"23":0},"b":{"0":[1,1,1],"1":[0,0],"2":[0,0],"3":[0,0],"4":[0,0],"5":[1,1,1],"6":[1,0],"7":[1,1],"8":[0],"9":[0,0],"10":[0],"11":[0],"12":[0],"13":[0,0],"14":[0,0],"15":[0,0],"16":[0,0],"17":[0,0],"18":[0],"19":[0,0],"20":[0,0,0,0],"21":[0,0],"22":[0,0],"23":[0,0],"24":[0,0],"25":[0],"26":[0],"27":[0],"28":[0,0],"29":[0,0,0],"30":[0,0],"31":[0,0],"32":[0,0],"33":[0,0]},"inputSourceMap":null,"_coverageSchema":"1a1c01bbd47fc00a2c39e90264f33305004495a9","hash":"fbbe27089b33ab8d031163fc23634d18a2283380"}
,"C:\\git\\graphql-app\\dist\\DB\\index.js": {"path":"C:\\git\\graphql-app\\dist\\DB\\index.js","statementMap":{"0":{"start":{"line":2,"column":0},"end":{"line":2,"column":62}},"1":{"start":{"line":3,"column":0},"end":{"line":3,"column":37}},"2":{"start":{"line":4,"column":28},"end":{"line":4,"column":56}},"3":{"start":{"line":5,"column":32},"end":{"line":5,"column":64}},"4":{"start":{"line":8,"column":8},"end":{"line":8,"column":16}},"5":{"start":{"line":9,"column":8},"end":{"line":9,"column":32}},"6":{"start":{"line":12,"column":8},"end":{"line":12,"column":38}},"7":{"start":{"line":13,"column":8},"end":{"line":13,"column":84}},"8":{"start":{"line":19,"column":0},"end":{"line":19,"column":50}}},"fnMap":{"0":{"name":"(anonymous_0)","decl":{"start":{"line":7,"column":4},"end":{"line":7,"column":5}},"loc":{"start":{"line":7,"column":27},"end":{"line":10,"column":5}},"line":7},"1":{"name":"(anonymous_1)","decl":{"start":{"line":11,"column":4},"end":{"line":11,"column":5}},"loc":{"start":{"line":11,"column":23},"end":{"line":14,"column":5}},"line":11},"2":{"name":"(anonymous_2)","decl":{"start":{"line":15,"column":4},"end":{"line":15,"column":5}},"loc":{"start":{"line":15,"column":32},"end":{"line":17,"column":5}},"line":15}},"branchMap":{"0":{"loc":{"start":{"line":13,"column":21},"end":{"line":13,"column":83}},"type":"binary-expr","locations":[{"start":{"line":13,"column":21},"end":{"line":13,"column":33}},{"start":{"line":13,"column":37},"end":{"line":13,"column":83}}],"line":13}},"s":{"0":1,"1":1,"2":1,"3":1,"4":5,"5":5,"6":5,"7":5,"8":1},"f":{"0":5,"1":5,"2":0},"b":{"0":[5,0]},"inputSourceMap":null,"_coverageSchema":"1a1c01bbd47fc00a2c39e90264f33305004495a9","hash":"e238e20cfb8a83fd4ad14b696a35c16487c0a94c"}
,"C:\\git\\graphql-app\\dist\\DB\\models\\Lesson.js": {"path":"C:\\git\\graphql-app\\dist\\DB\\models\\Lesson.js","statementMap":{"0":{"start":{"line":2,"column":0},"end":{"line":2,"column":62}},"1":{"start":{"line":3,"column":0},"end":{"line":3,"column":24}},"2":{"start":{"line":4,"column":20},"end":{"line":4,"column":40}},"3":{"start":{"line":7,"column":8},"end":{"line":56,"column":11}},"4":{"start":{"line":59,"column":0},"end":{"line":59,"column":24}}},"fnMap":{"0":{"name":"(anonymous_0)","decl":{"start":{"line":6,"column":4},"end":{"line":6,"column":5}},"loc":{"start":{"line":6,"column":32},"end":{"line":57,"column":5}},"line":6}},"branchMap":{},"s":{"0":1,"1":1,"2":1,"3":0,"4":1},"f":{"0":0},"b":{},"inputSourceMap":null,"_coverageSchema":"1a1c01bbd47fc00a2c39e90264f33305004495a9","hash":"65e6272fa5420e0b181ed5940a9b925e51017591"}
,"C:\\git\\graphql-app\\dist\\DB\\models\\Parent.js": {"path":"C:\\git\\graphql-app\\dist\\DB\\models\\Parent.js","statementMap":{"0":{"start":{"line":2,"column":0},"end":{"line":2,"column":62}},"1":{"start":{"line":3,"column":0},"end":{"line":3,"column":24}},"2":{"start":{"line":4,"column":20},"end":{"line":4,"column":40}},"3":{"start":{"line":7,"column":8},"end":{"line":38,"column":11}},"4":{"start":{"line":41,"column":0},"end":{"line":41,"column":24}}},"fnMap":{"0":{"name":"(anonymous_0)","decl":{"start":{"line":6,"column":4},"end":{"line":6,"column":5}},"loc":{"start":{"line":6,"column":32},"end":{"line":39,"column":5}},"line":6}},"branchMap":{},"s":{"0":1,"1":1,"2":1,"3":0,"4":1},"f":{"0":0},"b":{},"inputSourceMap":null,"_coverageSchema":"1a1c01bbd47fc00a2c39e90264f33305004495a9","hash":"d4a8b83e7f51633dfae945e713b1740e1ffa6163"}
,"C:\\git\\graphql-app\\dist\\DB\\models\\Student.js": {"path":"C:\\git\\graphql-app\\dist\\DB\\models\\Student.js","statementMap":{"0":{"start":{"line":2,"column":0},"end":{"line":2,"column":62}},"1":{"start":{"line":3,"column":0},"end":{"line":3,"column":25}},"2":{"start":{"line":4,"column":20},"end":{"line":4,"column":40}},"3":{"start":{"line":7,"column":8},"end":{"line":32,"column":11}},"4":{"start":{"line":35,"column":0},"end":{"line":35,"column":26}}},"fnMap":{"0":{"name":"(anonymous_0)","decl":{"start":{"line":6,"column":4},"end":{"line":6,"column":5}},"loc":{"start":{"line":6,"column":32},"end":{"line":33,"column":5}},"line":6}},"branchMap":{},"s":{"0":1,"1":1,"2":1,"3":0,"4":1},"f":{"0":0},"b":{},"inputSourceMap":null,"_coverageSchema":"1a1c01bbd47fc00a2c39e90264f33305004495a9","hash":"884e863c05ccd6555944cb7e1ccf070931430a70"}
,"C:\\git\\graphql-app\\dist\\DB\\models\\TakenLesson.js": {"path":"C:\\git\\graphql-app\\dist\\DB\\models\\TakenLesson.js","statementMap":{"0":{"start":{"line":2,"column":0},"end":{"line":2,"column":62}},"1":{"start":{"line":3,"column":0},"end":{"line":3,"column":29}},"2":{"start":{"line":4,"column":20},"end":{"line":4,"column":40}},"3":{"start":{"line":7,"column":8},"end":{"line":62,"column":11}},"4":{"start":{"line":65,"column":0},"end":{"line":65,"column":34}}},"fnMap":{"0":{"name":"(anonymous_0)","decl":{"start":{"line":6,"column":4},"end":{"line":6,"column":5}},"loc":{"start":{"line":6,"column":32},"end":{"line":63,"column":5}},"line":6}},"branchMap":{},"s":{"0":1,"1":1,"2":1,"3":0,"4":1},"f":{"0":0},"b":{},"inputSourceMap":null,"_coverageSchema":"1a1c01bbd47fc00a2c39e90264f33305004495a9","hash":"3a317338e8b1662049553f6c20171b520b6251bc"}
,"C:\\git\\graphql-app\\dist\\DB\\models\\Teacher.js": {"path":"C:\\git\\graphql-app\\dist\\DB\\models\\Teacher.js","statementMap":{"0":{"start":{"line":2,"column":0},"end":{"line":2,"column":62}},"1":{"start":{"line":3,"column":0},"end":{"line":3,"column":25}},"2":{"start":{"line":4,"column":20},"end":{"line":4,"column":40}},"3":{"start":{"line":7,"column":8},"end":{"line":38,"column":11}},"4":{"start":{"line":41,"column":0},"end":{"line":41,"column":26}}},"fnMap":{"0":{"name":"(anonymous_0)","decl":{"start":{"line":6,"column":4},"end":{"line":6,"column":5}},"loc":{"start":{"line":6,"column":32},"end":{"line":39,"column":5}},"line":6}},"branchMap":{},"s":{"0":1,"1":1,"2":1,"3":0,"4":1},"f":{"0":0},"b":{},"inputSourceMap":null,"_coverageSchema":"1a1c01bbd47fc00a2c39e90264f33305004495a9","hash":"01a923f44fe94c03d55f73f7928e3f93e44ffcd7"}
,"C:\\git\\graphql-app\\dist\\DB\\transforms\\lesson.js": {"path":"C:\\git\\graphql-app\\dist\\DB\\transforms\\lesson.js","statementMap":{"0":{"start":{"line":2,"column":0},"end":{"line":2,"column":62}},"1":{"start":{"line":7,"column":8},"end":{"line":7,"column":50}},"2":{"start":{"line":7,"column":34},"end":{"line":7,"column":48}},"3":{"start":{"line":10,"column":8},"end":{"line":20,"column":10}},"4":{"start":{"line":23,"column":8},"end":{"line":25,"column":9}},"5":{"start":{"line":24,"column":12},"end":{"line":24,"column":24}},"6":{"start":{"line":26,"column":8},"end":{"line":26,"column":21}},"7":{"start":{"line":29,"column":8},"end":{"line":31,"column":9}},"8":{"start":{"line":30,"column":12},"end":{"line":30,"column":24}},"9":{"start":{"line":32,"column":8},"end":{"line":32,"column":21}},"10":{"start":{"line":35,"column":0},"end":{"line":35,"column":35}}},"fnMap":{"0":{"name":"(anonymous_0)","decl":{"start":{"line":4,"column":4},"end":{"line":4,"column":5}},"loc":{"start":{"line":4,"column":18},"end":{"line":5,"column":5}},"line":4},"1":{"name":"(anonymous_1)","decl":{"start":{"line":6,"column":4},"end":{"line":6,"column":5}},"loc":{"start":{"line":6,"column":21},"end":{"line":8,"column":5}},"line":6},"2":{"name":"(anonymous_2)","decl":{"start":{"line":7,"column":27},"end":{"line":7,"column":28}},"loc":{"start":{"line":7,"column":34},"end":{"line":7,"column":48}},"line":7},"3":{"name":"(anonymous_3)","decl":{"start":{"line":9,"column":4},"end":{"line":9,"column":5}},"loc":{"start":{"line":9,"column":19},"end":{"line":21,"column":5}},"line":9},"4":{"name":"(anonymous_4)","decl":{"start":{"line":22,"column":4},"end":{"line":22,"column":5}},"loc":{"start":{"line":22,"column":22},"end":{"line":27,"column":5}},"line":22},"5":{"name":"(anonymous_5)","decl":{"start":{"line":28,"column":4},"end":{"line":28,"column":5}},"loc":{"start":{"line":28,"column":19},"end":{"line":33,"column":5}},"line":28}},"branchMap":{"0":{"loc":{"start":{"line":23,"column":8},"end":{"line":25,"column":9}},"type":"if","locations":[{"start":{"line":23,"column":8},"end":{"line":25,"column":9}},{"start":{},"end":{}}],"line":23},"1":{"loc":{"start":{"line":23,"column":12},"end":{"line":23,"column":56}},"type":"binary-expr","locations":[{"start":{"line":23,"column":12},"end":{"line":23,"column":24}},{"start":{"line":23,"column":28},"end":{"line":23,"column":40}},{"start":{"line":23,"column":44},"end":{"line":23,"column":56}}],"line":23},"2":{"loc":{"start":{"line":29,"column":8},"end":{"line":31,"column":9}},"type":"if","locations":[{"start":{"line":29,"column":8},"end":{"line":31,"column":9}},{"start":{},"end":{}}],"line":29},"3":{"loc":{"start":{"line":29,"column":12},"end":{"line":29,"column":32}},"type":"binary-expr","locations":[{"start":{"line":29,"column":12},"end":{"line":29,"column":20}},{"start":{"line":29,"column":24},"end":{"line":29,"column":32}}],"line":29}},"s":{"0":1,"1":2,"2":27,"3":27,"4":27,"5":0,"6":27,"7":27,"8":0,"9":27,"10":1},"f":{"0":2,"1":2,"2":27,"3":27,"4":27,"5":27},"b":{"0":[0,27],"1":[27,27,27],"2":[0,27],"3":[27,27]},"inputSourceMap":null,"_coverageSchema":"1a1c01bbd47fc00a2c39e90264f33305004495a9","hash":"524037cdfa229f9a37402732891c8fd0aa3e25fe"}
,"C:\\git\\graphql-app\\dist\\DB\\transforms\\parent.js": {"path":"C:\\git\\graphql-app\\dist\\DB\\transforms\\parent.js","statementMap":{"0":{"start":{"line":2,"column":0},"end":{"line":2,"column":62}},"1":{"start":{"line":5,"column":8},"end":{"line":5,"column":50}},"2":{"start":{"line":5,"column":34},"end":{"line":5,"column":48}},"3":{"start":{"line":8,"column":8},"end":{"line":13,"column":10}},"4":{"start":{"line":16,"column":8},"end":{"line":16,"column":45}},"5":{"start":{"line":19,"column":0},"end":{"line":19,"column":35}}},"fnMap":{"0":{"name":"(anonymous_0)","decl":{"start":{"line":4,"column":4},"end":{"line":4,"column":5}},"loc":{"start":{"line":4,"column":21},"end":{"line":6,"column":5}},"line":4},"1":{"name":"(anonymous_1)","decl":{"start":{"line":5,"column":27},"end":{"line":5,"column":28}},"loc":{"start":{"line":5,"column":34},"end":{"line":5,"column":48}},"line":5},"2":{"name":"(anonymous_2)","decl":{"start":{"line":7,"column":4},"end":{"line":7,"column":5}},"loc":{"start":{"line":7,"column":19},"end":{"line":14,"column":5}},"line":7},"3":{"name":"(anonymous_3)","decl":{"start":{"line":15,"column":4},"end":{"line":15,"column":5}},"loc":{"start":{"line":15,"column":17},"end":{"line":17,"column":5}},"line":15}},"branchMap":{},"s":{"0":1,"1":1,"2":0,"3":0,"4":0,"5":1},"f":{"0":1,"1":0,"2":0,"3":0},"b":{},"inputSourceMap":null,"_coverageSchema":"1a1c01bbd47fc00a2c39e90264f33305004495a9","hash":"dc7daf99b2070ad89134d07139b17cbf7206ea5b"}
,"C:\\git\\graphql-app\\dist\\DB\\transforms\\takenLesson.js": {"path":"C:\\git\\graphql-app\\dist\\DB\\transforms\\takenLesson.js","statementMap":{"0":{"start":{"line":2,"column":0},"end":{"line":2,"column":62}},"1":{"start":{"line":3,"column":16},"end":{"line":3,"column":38}},"2":{"start":{"line":7,"column":8},"end":{"line":7,"column":60}},"3":{"start":{"line":7,"column":39},"end":{"line":7,"column":58}},"4":{"start":{"line":10,"column":8},"end":{"line":19,"column":10}},"5":{"start":{"line":22,"column":8},"end":{"line":34,"column":9}},"6":{"start":{"line":25,"column":16},"end":{"line":25,"column":34}},"7":{"start":{"line":28,"column":16},"end":{"line":28,"column":31}},"8":{"start":{"line":30,"column":16},"end":{"line":30,"column":34}},"9":{"start":{"line":33,"column":16},"end":{"line":33,"column":28}},"10":{"start":{"line":37,"column":0},"end":{"line":37,"column":40}}},"fnMap":{"0":{"name":"(anonymous_0)","decl":{"start":{"line":5,"column":4},"end":{"line":5,"column":5}},"loc":{"start":{"line":5,"column":18},"end":{"line":5,"column":21}},"line":5},"1":{"name":"(anonymous_1)","decl":{"start":{"line":6,"column":4},"end":{"line":6,"column":5}},"loc":{"start":{"line":6,"column":31},"end":{"line":8,"column":5}},"line":6},"2":{"name":"(anonymous_2)","decl":{"start":{"line":7,"column":32},"end":{"line":7,"column":33}},"loc":{"start":{"line":7,"column":39},"end":{"line":7,"column":58}},"line":7},"3":{"name":"(anonymous_3)","decl":{"start":{"line":9,"column":4},"end":{"line":9,"column":5}},"loc":{"start":{"line":9,"column":29},"end":{"line":20,"column":5}},"line":9},"4":{"name":"(anonymous_4)","decl":{"start":{"line":21,"column":4},"end":{"line":21,"column":5}},"loc":{"start":{"line":21,"column":20},"end":{"line":35,"column":5}},"line":21}},"branchMap":{"0":{"loc":{"start":{"line":22,"column":8},"end":{"line":34,"column":9}},"type":"switch","locations":[{"start":{"line":23,"column":12},"end":{"line":25,"column":34}},{"start":{"line":26,"column":12},"end":{"line":28,"column":31}},{"start":{"line":29,"column":12},"end":{"line":30,"column":34}},{"start":{"line":31,"column":12},"end":{"line":31,"column":19}},{"start":{"line":32,"column":12},"end":{"line":33,"column":28}}],"line":22}},"s":{"0":1,"1":1,"2":0,"3":0,"4":0,"5":0,"6":0,"7":0,"8":0,"9":0,"10":1},"f":{"0":0,"1":0,"2":0,"3":0,"4":0},"b":{"0":[0,0,0,0,0]},"inputSourceMap":null,"_coverageSchema":"1a1c01bbd47fc00a2c39e90264f33305004495a9","hash":"ca5340f199482fe645ce577a714f69db40563a64"}
,"C:\\git\\graphql-app\\dist\\DB\\transforms\\teacher.js": {"path":"C:\\git\\graphql-app\\dist\\DB\\transforms\\teacher.js","statementMap":{"0":{"start":{"line":2,"column":0},"end":{"line":2,"column":62}},"1":{"start":{"line":3,"column":0},"end":{"line":3,"column":34}},"2":{"start":{"line":8,"column":8},"end":{"line":8,"column":52}},"3":{"start":{"line":8,"column":35},"end":{"line":8,"column":50}},"4":{"start":{"line":11,"column":8},"end":{"line":16,"column":10}},"5":{"start":{"line":19,"column":0},"end":{"line":19,"column":44}}},"fnMap":{"0":{"name":"(anonymous_0)","decl":{"start":{"line":5,"column":4},"end":{"line":5,"column":5}},"loc":{"start":{"line":5,"column":18},"end":{"line":6,"column":5}},"line":5},"1":{"name":"(anonymous_1)","decl":{"start":{"line":7,"column":4},"end":{"line":7,"column":5}},"loc":{"start":{"line":7,"column":23},"end":{"line":9,"column":5}},"line":7},"2":{"name":"(anonymous_2)","decl":{"start":{"line":8,"column":28},"end":{"line":8,"column":29}},"loc":{"start":{"line":8,"column":35},"end":{"line":8,"column":50}},"line":8},"3":{"name":"(anonymous_3)","decl":{"start":{"line":10,"column":4},"end":{"line":10,"column":5}},"loc":{"start":{"line":10,"column":21},"end":{"line":17,"column":5}},"line":10}},"branchMap":{},"s":{"0":1,"1":1,"2":0,"3":0,"4":0,"5":1},"f":{"0":0,"1":0,"2":0,"3":0},"b":{},"inputSourceMap":null,"_coverageSchema":"1a1c01bbd47fc00a2c39e90264f33305004495a9","hash":"57664d9ca824398c5c78f412357776c209984836"}
,"C:\\git\\graphql-app\\dist\\schema\\enums.js": {"path":"C:\\git\\graphql-app\\dist\\schema\\enums.js","statementMap":{"0":{"start":{"line":2,"column":0},"end":{"line":2,"column":62}},"1":{"start":{"line":3,"column":0},"end":{"line":3,"column":40}},"2":{"start":{"line":5,"column":0},"end":{"line":14,"column":51}},"3":{"start":{"line":6,"column":4},"end":{"line":6,"column":46}},"4":{"start":{"line":7,"column":4},"end":{"line":7,"column":50}},"5":{"start":{"line":8,"column":4},"end":{"line":8,"column":54}},"6":{"start":{"line":9,"column":4},"end":{"line":9,"column":50}},"7":{"start":{"line":10,"column":4},"end":{"line":10,"column":54}},"8":{"start":{"line":11,"column":4},"end":{"line":11,"column":40}},"9":{"start":{"line":12,"column":4},"end":{"line":12,"column":52}},"10":{"start":{"line":13,"column":4},"end":{"line":13,"column":50}},"11":{"start":{"line":16,"column":0},"end":{"line":24,"column":36}},"12":{"start":{"line":17,"column":4},"end":{"line":17,"column":38}},"13":{"start":{"line":18,"column":4},"end":{"line":18,"column":40}},"14":{"start":{"line":19,"column":4},"end":{"line":19,"column":44}},"15":{"start":{"line":20,"column":4},"end":{"line":20,"column":42}},"16":{"start":{"line":21,"column":4},"end":{"line":21,"column":38}},"17":{"start":{"line":22,"column":4},"end":{"line":22,"column":42}},"18":{"start":{"line":23,"column":4},"end":{"line":23,"column":38}}},"fnMap":{"0":{"name":"(anonymous_0)","decl":{"start":{"line":5,"column":1},"end":{"line":5,"column":2}},"loc":{"start":{"line":5,"column":21},"end":{"line":14,"column":1}},"line":5},"1":{"name":"(anonymous_1)","decl":{"start":{"line":16,"column":1},"end":{"line":16,"column":2}},"loc":{"start":{"line":16,"column":16},"end":{"line":24,"column":1}},"line":16}},"branchMap":{"0":{"loc":{"start":{"line":14,"column":3},"end":{"line":14,"column":49}},"type":"binary-expr","locations":[{"start":{"line":14,"column":3},"end":{"line":14,"column":11}},{"start":{"line":14,"column":16},"end":{"line":14,"column":48}}],"line":14},"1":{"loc":{"start":{"line":24,"column":3},"end":{"line":24,"column":34}},"type":"binary-expr","locations":[{"start":{"line":24,"column":3},"end":{"line":24,"column":6}},{"start":{"line":24,"column":11},"end":{"line":24,"column":33}}],"line":24}},"s":{"0":1,"1":1,"2":1,"3":1,"4":1,"5":1,"6":1,"7":1,"8":1,"9":1,"10":1,"11":1,"12":1,"13":1,"14":1,"15":1,"16":1,"17":1,"18":1},"f":{"0":1,"1":1},"b":{"0":[1,1],"1":[1,1]},"inputSourceMap":null,"_coverageSchema":"1a1c01bbd47fc00a2c39e90264f33305004495a9","hash":"4556b64beef8f25bf9d7094d45fff8dcbc444ec0"}
,"C:\\git\\graphql-app\\dist\\schema\\index.js": {"path":"C:\\git\\graphql-app\\dist\\schema\\index.js","statementMap":{"0":{"start":{"line":2,"column":16},"end":{"line":10,"column":1}},"1":{"start":{"line":3,"column":28},"end":{"line":3,"column":110}},"2":{"start":{"line":3,"column":91},"end":{"line":3,"column":106}},"3":{"start":{"line":4,"column":4},"end":{"line":9,"column":7}},"4":{"start":{"line":5,"column":36},"end":{"line":5,"column":97}},"5":{"start":{"line":5,"column":42},"end":{"line":5,"column":70}},"6":{"start":{"line":5,"column":85},"end":{"line":5,"column":95}},"7":{"start":{"line":6,"column":35},"end":{"line":6,"column":100}},"8":{"start":{"line":6,"column":41},"end":{"line":6,"column":73}},"9":{"start":{"line":6,"column":88},"end":{"line":6,"column":98}},"10":{"start":{"line":7,"column":32},"end":{"line":7,"column":116}},"11":{"start":{"line":8,"column":8},"end":{"line":8,"column":78}},"12":{"start":{"line":11,"column":22},"end":{"line":13,"column":1}},"13":{"start":{"line":12,"column":4},"end":{"line":12,"column":62}},"14":{"start":{"line":14,"column":0},"end":{"line":14,"column":62}},"15":{"start":{"line":15,"column":0},"end":{"line":15,"column":27}},"16":{"start":{"line":16,"column":17},"end":{"line":16,"column":68}},"17":{"start":{"line":17,"column":17},"end":{"line":17,"column":68}},"18":{"start":{"line":18,"column":16},"end":{"line":18,"column":35}},"19":{"start":{"line":19,"column":16},"end":{"line":19,"column":34}},"20":{"start":{"line":20,"column":0},"end":{"line":62,"column":2}},"21":{"start":{"line":25,"column":35},"end":{"line":36,"column":10}},"22":{"start":{"line":26,"column":26},"end":{"line":26,"column":101}},"23":{"start":{"line":35,"column":12},"end":{"line":35,"column":27}},"24":{"start":{"line":37,"column":36},"end":{"line":40,"column":10}},"25":{"start":{"line":38,"column":113},"end":{"line":38,"column":117}},"26":{"start":{"line":39,"column":12},"end":{"line":39,"column":91}},"27":{"start":{"line":41,"column":35},"end":{"line":45,"column":10}},"28":{"start":{"line":42,"column":114},"end":{"line":42,"column":118}},"29":{"start":{"line":43,"column":26},"end":{"line":43,"column":128}},"30":{"start":{"line":44,"column":12},"end":{"line":44,"column":27}},"31":{"start":{"line":46,"column":40},"end":{"line":50,"column":10}},"32":{"start":{"line":47,"column":109},"end":{"line":47,"column":113}},"33":{"start":{"line":48,"column":31},"end":{"line":48,"column":99}},"34":{"start":{"line":49,"column":12},"end":{"line":49,"column":32}},"35":{"start":{"line":51,"column":36},"end":{"line":54,"column":10}},"36":{"start":{"line":52,"column":61},"end":{"line":52,"column":65}},"37":{"start":{"line":53,"column":12},"end":{"line":53,"column":65}},"38":{"start":{"line":57,"column":47},"end":{"line":60,"column":10}},"39":{"start":{"line":58,"column":79},"end":{"line":58,"column":83}},"40":{"start":{"line":59,"column":12},"end":{"line":59,"column":79}}},"fnMap":{"0":{"name":"(anonymous_0)","decl":{"start":{"line":2,"column":44},"end":{"line":2,"column":45}},"loc":{"start":{"line":2,"column":89},"end":{"line":10,"column":1}},"line":2},"1":{"name":"adopt","decl":{"start":{"line":3,"column":13},"end":{"line":3,"column":18}},"loc":{"start":{"line":3,"column":26},"end":{"line":3,"column":112}},"line":3},"2":{"name":"(anonymous_2)","decl":{"start":{"line":3,"column":70},"end":{"line":3,"column":71}},"loc":{"start":{"line":3,"column":89},"end":{"line":3,"column":108}},"line":3},"3":{"name":"(anonymous_3)","decl":{"start":{"line":4,"column":36},"end":{"line":4,"column":37}},"loc":{"start":{"line":4,"column":63},"end":{"line":9,"column":5}},"line":4},"4":{"name":"fulfilled","decl":{"start":{"line":5,"column":17},"end":{"line":5,"column":26}},"loc":{"start":{"line":5,"column":34},"end":{"line":5,"column":99}},"line":5},"5":{"name":"rejected","decl":{"start":{"line":6,"column":17},"end":{"line":6,"column":25}},"loc":{"start":{"line":6,"column":33},"end":{"line":6,"column":102}},"line":6},"6":{"name":"step","decl":{"start":{"line":7,"column":17},"end":{"line":7,"column":21}},"loc":{"start":{"line":7,"column":30},"end":{"line":7,"column":118}},"line":7},"7":{"name":"(anonymous_7)","decl":{"start":{"line":11,"column":56},"end":{"line":11,"column":57}},"loc":{"start":{"line":11,"column":71},"end":{"line":13,"column":1}},"line":11},"8":{"name":"(anonymous_8)","decl":{"start":{"line":25,"column":17},"end":{"line":25,"column":18}},"loc":{"start":{"line":25,"column":35},"end":{"line":36,"column":10}},"line":25},"9":{"name":"(anonymous_9)","decl":{"start":{"line":25,"column":69},"end":{"line":25,"column":70}},"loc":{"start":{"line":25,"column":82},"end":{"line":36,"column":9}},"line":25},"10":{"name":"(anonymous_10)","decl":{"start":{"line":37,"column":18},"end":{"line":37,"column":19}},"loc":{"start":{"line":37,"column":36},"end":{"line":40,"column":10}},"line":37},"11":{"name":"(anonymous_11)","decl":{"start":{"line":37,"column":70},"end":{"line":37,"column":71}},"loc":{"start":{"line":37,"column":83},"end":{"line":40,"column":9}},"line":37},"12":{"name":"(anonymous_12)","decl":{"start":{"line":41,"column":17},"end":{"line":41,"column":18}},"loc":{"start":{"line":41,"column":35},"end":{"line":45,"column":10}},"line":41},"13":{"name":"(anonymous_13)","decl":{"start":{"line":41,"column":69},"end":{"line":41,"column":70}},"loc":{"start":{"line":41,"column":82},"end":{"line":45,"column":9}},"line":41},"14":{"name":"(anonymous_14)","decl":{"start":{"line":46,"column":22},"end":{"line":46,"column":23}},"loc":{"start":{"line":46,"column":40},"end":{"line":50,"column":10}},"line":46},"15":{"name":"(anonymous_15)","decl":{"start":{"line":46,"column":74},"end":{"line":46,"column":75}},"loc":{"start":{"line":46,"column":87},"end":{"line":50,"column":9}},"line":46},"16":{"name":"(anonymous_16)","decl":{"start":{"line":51,"column":18},"end":{"line":51,"column":19}},"loc":{"start":{"line":51,"column":36},"end":{"line":54,"column":10}},"line":51},"17":{"name":"(anonymous_17)","decl":{"start":{"line":51,"column":70},"end":{"line":51,"column":71}},"loc":{"start":{"line":51,"column":83},"end":{"line":54,"column":9}},"line":51},"18":{"name":"(anonymous_18)","decl":{"start":{"line":57,"column":29},"end":{"line":57,"column":30}},"loc":{"start":{"line":57,"column":47},"end":{"line":60,"column":10}},"line":57},"19":{"name":"(anonymous_19)","decl":{"start":{"line":57,"column":81},"end":{"line":57,"column":82}},"loc":{"start":{"line":57,"column":94},"end":{"line":60,"column":9}},"line":57}},"branchMap":{"0":{"loc":{"start":{"line":2,"column":16},"end":{"line":10,"column":1}},"type":"binary-expr","locations":[{"start":{"line":2,"column":17},"end":{"line":2,"column":21}},{"start":{"line":2,"column":25},"end":{"line":2,"column":39}},{"start":{"line":2,"column":44},"end":{"line":10,"column":1}}],"line":2},"1":{"loc":{"start":{"line":3,"column":35},"end":{"line":3,"column":109}},"type":"cond-expr","locations":[{"start":{"line":3,"column":56},"end":{"line":3,"column":61}},{"start":{"line":3,"column":64},"end":{"line":3,"column":109}}],"line":3},"2":{"loc":{"start":{"line":4,"column":16},"end":{"line":4,"column":34}},"type":"binary-expr","locations":[{"start":{"line":4,"column":16},"end":{"line":4,"column":17}},{"start":{"line":4,"column":22},"end":{"line":4,"column":33}}],"line":4},"3":{"loc":{"start":{"line":7,"column":32},"end":{"line":7,"column":115}},"type":"cond-expr","locations":[{"start":{"line":7,"column":46},"end":{"line":7,"column":67}},{"start":{"line":7,"column":70},"end":{"line":7,"column":115}}],"line":7},"4":{"loc":{"start":{"line":8,"column":51},"end":{"line":8,"column":67}},"type":"binary-expr","locations":[{"start":{"line":8,"column":51},"end":{"line":8,"column":61}},{"start":{"line":8,"column":65},"end":{"line":8,"column":67}}],"line":8},"5":{"loc":{"start":{"line":11,"column":22},"end":{"line":13,"column":1}},"type":"binary-expr","locations":[{"start":{"line":11,"column":23},"end":{"line":11,"column":27}},{"start":{"line":11,"column":31},"end":{"line":11,"column":51}},{"start":{"line":11,"column":56},"end":{"line":13,"column":1}}],"line":11},"6":{"loc":{"start":{"line":12,"column":11},"end":{"line":12,"column":61}},"type":"cond-expr","locations":[{"start":{"line":12,"column":37},"end":{"line":12,"column":40}},{"start":{"line":12,"column":43},"end":{"line":12,"column":61}}],"line":12},"7":{"loc":{"start":{"line":12,"column":12},"end":{"line":12,"column":33}},"type":"binary-expr","locations":[{"start":{"line":12,"column":12},"end":{"line":12,"column":15}},{"start":{"line":12,"column":19},"end":{"line":12,"column":33}}],"line":12}},"s":{"0":1,"1":5,"2":1,"3":5,"4":5,"5":5,"6":0,"7":0,"8":0,"9":0,"10":10,"11":5,"12":1,"13":2,"14":1,"15":1,"16":1,"17":1,"18":1,"19":1,"20":1,"21":1,"22":1,"23":1,"24":1,"25":1,"26":1,"27":2,"28":2,"29":2,"30":2,"31":1,"32":1,"33":1,"34":1,"35":0,"36":0,"37":0,"38":0,"39":0,"40":0},"f":{"0":5,"1":5,"2":1,"3":5,"4":5,"5":0,"6":10,"7":2,"8":1,"9":1,"10":1,"11":1,"12":2,"13":2,"14":1,"15":1,"16":0,"17":0,"18":0,"19":0},"b":{"0":[1,1,1],"1":[4,1],"2":[5,5],"3":[5,5],"4":[5,5],"5":[1,1,1],"6":[2,0],"7":[2,2]},"inputSourceMap":null,"_coverageSchema":"1a1c01bbd47fc00a2c39e90264f33305004495a9","hash":"5f762fa13376b06802edfd9183ba39f4320fad63"}
,"C:\\git\\graphql-app\\dist\\schema\\types\\lesson.js": {"path":"C:\\git\\graphql-app\\dist\\schema\\types\\lesson.js","statementMap":{"0":{"start":{"line":2,"column":0},"end":{"line":2,"column":62}},"1":{"start":{"line":3,"column":0},"end":{"line":3,"column":25}},"2":{"start":{"line":4,"column":24},"end":{"line":4,"column":48}},"3":{"start":{"line":5,"column":0},"end":{"line":41,"column":2}}},"fnMap":{},"branchMap":{},"s":{"0":1,"1":1,"2":1,"3":1},"f":{},"b":{},"inputSourceMap":null,"_coverageSchema":"1a1c01bbd47fc00a2c39e90264f33305004495a9","hash":"10373fc8a58ae966f199a5e58060a900d25db132"}
,"C:\\git\\graphql-app\\dist\\schema\\types\\lessonInput.js": {"path":"C:\\git\\graphql-app\\dist\\schema\\types\\lessonInput.js","statementMap":{"0":{"start":{"line":2,"column":0},"end":{"line":2,"column":62}},"1":{"start":{"line":3,"column":0},"end":{"line":3,"column":25}},"2":{"start":{"line":4,"column":24},"end":{"line":4,"column":48}},"3":{"start":{"line":5,"column":0},"end":{"line":18,"column":2}}},"fnMap":{},"branchMap":{},"s":{"0":1,"1":1,"2":1,"3":1},"f":{},"b":{},"inputSourceMap":null,"_coverageSchema":"1a1c01bbd47fc00a2c39e90264f33305004495a9","hash":"86cc8045be930d84b75c26ebed3c041252a39b12"}
,"C:\\git\\graphql-app\\dist\\schema\\types\\parent.js": {"path":"C:\\git\\graphql-app\\dist\\schema\\types\\parent.js","statementMap":{"0":{"start":{"line":2,"column":0},"end":{"line":2,"column":62}},"1":{"start":{"line":3,"column":0},"end":{"line":3,"column":25}},"2":{"start":{"line":4,"column":24},"end":{"line":4,"column":48}},"3":{"start":{"line":5,"column":0},"end":{"line":14,"column":2}}},"fnMap":{},"branchMap":{},"s":{"0":1,"1":1,"2":1,"3":1},"f":{},"b":{},"inputSourceMap":null,"_coverageSchema":"1a1c01bbd47fc00a2c39e90264f33305004495a9","hash":"66019e4a13c14eb2dfddcb44f062c5fc73524c17"}
,"C:\\git\\graphql-app\\dist\\schema\\types\\parentInput.js": {"path":"C:\\git\\graphql-app\\dist\\schema\\types\\parentInput.js","statementMap":{"0":{"start":{"line":2,"column":0},"end":{"line":2,"column":62}},"1":{"start":{"line":3,"column":0},"end":{"line":3,"column":25}},"2":{"start":{"line":4,"column":24},"end":{"line":4,"column":48}},"3":{"start":{"line":5,"column":0},"end":{"line":14,"column":2}}},"fnMap":{},"branchMap":{},"s":{"0":1,"1":1,"2":1,"3":1},"f":{},"b":{},"inputSourceMap":null,"_coverageSchema":"1a1c01bbd47fc00a2c39e90264f33305004495a9","hash":"fd50f463f0d1c315b3e8ce768031e30d224fd62b"}
,"C:\\git\\graphql-app\\dist\\schema\\types\\queryType.js": {"path":"C:\\git\\graphql-app\\dist\\schema\\types\\queryType.js","statementMap":{"0":{"start":{"line":2,"column":0},"end":{"line":2,"column":62}},"1":{"start":{"line":3,"column":0},"end":{"line":3,"column":25}},"2":{"start":{"line":4,"column":24},"end":{"line":4,"column":48}},"3":{"start":{"line":5,"column":0},"end":{"line":15,"column":2}}},"fnMap":{},"branchMap":{},"s":{"0":1,"1":1,"2":1,"3":1},"f":{},"b":{},"inputSourceMap":null,"_coverageSchema":"1a1c01bbd47fc00a2c39e90264f33305004495a9","hash":"08109912359216f1dde410e9039f219413e4a9c8"}
,"C:\\git\\graphql-app\\dist\\schema\\types\\student.js": {"path":"C:\\git\\graphql-app\\dist\\schema\\types\\student.js","statementMap":{"0":{"start":{"line":2,"column":0},"end":{"line":2,"column":62}},"1":{"start":{"line":3,"column":0},"end":{"line":3,"column":25}},"2":{"start":{"line":4,"column":24},"end":{"line":4,"column":48}},"3":{"start":{"line":5,"column":0},"end":{"line":14,"column":2}}},"fnMap":{},"branchMap":{},"s":{"0":1,"1":1,"2":1,"3":1},"f":{},"b":{},"inputSourceMap":null,"_coverageSchema":"1a1c01bbd47fc00a2c39e90264f33305004495a9","hash":"e2a42e64ef38aa19bbacffee2ca0c0acd64ed0ab"}
,"C:\\git\\graphql-app\\dist\\schema\\types\\studentInput.js": {"path":"C:\\git\\graphql-app\\dist\\schema\\types\\studentInput.js","statementMap":{"0":{"start":{"line":2,"column":0},"end":{"line":2,"column":62}},"1":{"start":{"line":3,"column":0},"end":{"line":3,"column":25}},"2":{"start":{"line":4,"column":24},"end":{"line":4,"column":48}},"3":{"start":{"line":5,"column":0},"end":{"line":16,"column":2}}},"fnMap":{},"branchMap":{},"s":{"0":1,"1":1,"2":1,"3":1},"f":{},"b":{},"inputSourceMap":null,"_coverageSchema":"1a1c01bbd47fc00a2c39e90264f33305004495a9","hash":"160586d7642890527ba490605e352e5770752890"}
,"C:\\git\\graphql-app\\dist\\schema\\types\\takenLesson.js": {"path":"C:\\git\\graphql-app\\dist\\schema\\types\\takenLesson.js","statementMap":{"0":{"start":{"line":2,"column":0},"end":{"line":2,"column":62}},"1":{"start":{"line":3,"column":0},"end":{"line":3,"column":25}},"2":{"start":{"line":4,"column":24},"end":{"line":4,"column":48}},"3":{"start":{"line":5,"column":0},"end":{"line":29,"column":2}}},"fnMap":{},"branchMap":{},"s":{"0":1,"1":1,"2":1,"3":1},"f":{},"b":{},"inputSourceMap":null,"_coverageSchema":"1a1c01bbd47fc00a2c39e90264f33305004495a9","hash":"915bd40592e1d90d40683ff5ecbbae5aa4b463be"}
,"C:\\git\\graphql-app\\dist\\schema\\types\\teacher.js": {"path":"C:\\git\\graphql-app\\dist\\schema\\types\\teacher.js","statementMap":{"0":{"start":{"line":2,"column":0},"end":{"line":2,"column":62}},"1":{"start":{"line":3,"column":0},"end":{"line":3,"column":25}},"2":{"start":{"line":4,"column":24},"end":{"line":4,"column":48}},"3":{"start":{"line":5,"column":0},"end":{"line":18,"column":2}}},"fnMap":{},"branchMap":{},"s":{"0":1,"1":1,"2":1,"3":1},"f":{},"b":{},"inputSourceMap":null,"_coverageSchema":"1a1c01bbd47fc00a2c39e90264f33305004495a9","hash":"c5d9d60b2f2be3d7801953e52281a5a9aab55e0a"}
,"C:\\git\\graphql-app\\dist\\schema\\types\\mutations\\updateLessonSubject.js": {"path":"C:\\git\\graphql-app\\dist\\schema\\types\\mutations\\updateLessonSubject.js","statementMap":{"0":{"start":{"line":2,"column":0},"end":{"line":2,"column":62}},"1":{"start":{"line":3,"column":0},"end":{"line":3,"column":25}},"2":{"start":{"line":4,"column":24},"end":{"line":4,"column":48}},"3":{"start":{"line":5,"column":0},"end":{"line":10,"column":2}}},"fnMap":{},"branchMap":{},"s":{"0":1,"1":1,"2":1,"3":1},"f":{},"b":{},"inputSourceMap":null,"_coverageSchema":"1a1c01bbd47fc00a2c39e90264f33305004495a9","hash":"ecad8407ebfab2cea2733f171b973b3644d65fb9"}
,"C:\\git\\graphql-app\\dist\\schema\\types\\mutations\\updateLessonSubjectInput.js": {"path":"C:\\git\\graphql-app\\dist\\schema\\types\\mutations\\updateLessonSubjectInput.js","statementMap":{"0":{"start":{"line":2,"column":0},"end":{"line":2,"column":62}},"1":{"start":{"line":3,"column":0},"end":{"line":3,"column":25}},"2":{"start":{"line":4,"column":24},"end":{"line":4,"column":48}},"3":{"start":{"line":5,"column":0},"end":{"line":11,"column":2}}},"fnMap":{},"branchMap":{},"s":{"0":1,"1":1,"2":1,"3":1},"f":{},"b":{},"inputSourceMap":null,"_coverageSchema":"1a1c01bbd47fc00a2c39e90264f33305004495a9","hash":"a51f0d18fbabb3888988e91377fc94308cb7ebb6"}
,"C:\\git\\graphql-app\\dist\\tests\\queries.js": {"path":"C:\\git\\graphql-app\\dist\\tests\\queries.js","statementMap":{"0":{"start":{"line":2,"column":0},"end":{"line":2,"column":62}},"1":{"start":{"line":3,"column":0},"end":{"line":3,"column":106}},"2":{"start":{"line":4,"column":24},"end":{"line":4,"column":48}},"3":{"start":{"line":5,"column":0},"end":{"line":11,"column":2}},"4":{"start":{"line":12,"column":0},"end":{"line":18,"column":2}},"5":{"start":{"line":19,"column":0},"end":{"line":25,"column":2}},"6":{"start":{"line":26,"column":0},"end":{"line":32,"column":2}}},"fnMap":{},"branchMap":{},"s":{"0":1,"1":1,"2":1,"3":1,"4":1,"5":1,"6":1},"f":{},"b":{},"inputSourceMap":null,"_coverageSchema":"1a1c01bbd47fc00a2c39e90264f33305004495a9","hash":"0e7612d480f17c0e8bbb49a9116936d8bc6bcec2"}
,"C:\\git\\graphql-app\\src\\utils.ts": {"path":"C:\\git\\graphql-app\\src\\utils.ts","statementMap":{"0":{"start":{"line":5,"column":6},"end":{"line":5,"column":38}},"1":{"start":{"line":9,"column":19},"end":{"line":9,"column":38}},"2":{"start":{"line":11,"column":6},"end":{"line":13,"column":7}},"3":{"start":{"line":12,"column":8},"end":{"line":12,"column":51}},"4":{"start":{"line":12,"column":33},"end":{"line":12,"column":51}},"5":{"start":{"line":15,"column":6},"end":{"line":15,"column":20}},"6":{"start":{"line":19,"column":19},"end":{"line":19,"column":47}},"7":{"start":{"line":21,"column":6},"end":{"line":23,"column":7}},"8":{"start":{"line":22,"column":8},"end":{"line":22,"column":62}},"9":{"start":{"line":22,"column":33},"end":{"line":22,"column":62}},"10":{"start":{"line":25,"column":6},"end":{"line":25,"column":20}},"11":{"start":{"line":29,"column":6},"end":{"line":32,"column":13}},"12":{"start":{"line":30,"column":8},"end":{"line":30,"column":41}},"13":{"start":{"line":31,"column":8},"end":{"line":31,"column":19}},"14":{"start":{"line":1,"column":0},"end":{"line":1,"column":13}},"15":{"start":{"line":2,"column":19},"end":{"line":2,"column":50}},"16":{"start":{"line":39,"column":20},"end":{"line":39,"column":43}},"17":{"start":{"line":40,"column":4},"end":{"line":44,"column":5}},"18":{"start":{"line":41,"column":6},"end":{"line":41,"column":null}},"19":{"start":{"line":41,"column":37},"end":{"line":41,"column":44}},"20":{"start":{"line":43,"column":6},"end":{"line":43,"column":23}},"21":{"start":{"line":37,"column":2},"end":{"line":37,"column":18}},"22":{"start":{"line":47,"column":29},"end":{"line":59,"column":1}},"23":{"start":{"line":48,"column":12},"end":{"line":48,"column":26}},"24":{"start":{"line":49,"column":16},"end":{"line":49,"column":39}},"25":{"start":{"line":50,"column":14},"end":{"line":50,"column":30}},"26":{"start":{"line":51,"column":15},"end":{"line":51,"column":30}},"27":{"start":{"line":53,"column":4},"end":{"line":54,"column":28}},"28":{"start":{"line":54,"column":8},"end":{"line":54,"column":28}},"29":{"start":{"line":55,"column":4},"end":{"line":56,"column":24}},"30":{"start":{"line":56,"column":8},"end":{"line":56,"column":24}},"31":{"start":{"line":58,"column":4},"end":{"line":58,"column":40}},"32":{"start":{"line":47,"column":16},"end":{"line":47,"column":29}}},"fnMap":{"0":{"name":"(anonymous_0)","decl":{"start":{"line":4,"column":12},"end":{"line":4,"column":18}},"loc":{"start":{"line":4,"column":40},"end":{"line":6,"column":5}}},"1":{"name":"(anonymous_1)","decl":{"start":{"line":8,"column":12},"end":{"line":8,"column":18}},"loc":{"start":{"line":8,"column":63},"end":{"line":16,"column":5}}},"2":{"name":"(anonymous_2)","decl":{"start":{"line":18,"column":12},"end":{"line":18,"column":18}},"loc":{"start":{"line":18,"column":64},"end":{"line":26,"column":5}}},"3":{"name":"(anonymous_3)","decl":{"start":{"line":28,"column":11},"end":{"line":28,"column":17}},"loc":{"start":{"line":28,"column":64},"end":{"line":33,"column":5}}},"4":{"name":"(anonymous_4)","decl":{"start":{"line":29,"column":38},"end":{"line":29,"column":39}},"loc":{"start":{"line":29,"column":75},"end":{"line":32,"column":7}}},"5":{"name":"whiteList","decl":{"start":{"line":37,"column":18},"end":{"line":37,"column":27}},"loc":{"start":{"line":37,"column":51},"end":{"line":45,"column":3}}},"6":{"name":"(anonymous_6)","decl":{"start":{"line":41,"column":30},"end":{"line":41,"column":31}},"loc":{"start":{"line":41,"column":37},"end":{"line":41,"column":44}}},"7":{"name":"(anonymous_7)","decl":{"start":{"line":47,"column":29},"end":{"line":47,"column":30}},"loc":{"start":{"line":47,"column":43},"end":{"line":59,"column":1}}}},"branchMap":{"0":{"loc":{"start":{"line":12,"column":8},"end":{"line":12,"column":51}},"type":"if","locations":[{"start":{"line":12,"column":8},"end":{"line":12,"column":51}}]},"1":{"loc":{"start":{"line":22,"column":8},"end":{"line":22,"column":62}},"type":"if","locations":[{"start":{"line":22,"column":8},"end":{"line":22,"column":62}}]},"2":{"loc":{"start":{"line":37,"column":28},"end":{"line":37,"column":51}},"type":"default-arg","locations":[{"start":{"line":37,"column":47},"end":{"line":37,"column":51}}]},"3":{"loc":{"start":{"line":40,"column":4},"end":{"line":44,"column":5}},"type":"if","locations":[{"start":{"line":40,"column":4},"end":{"line":44,"column":5}},{"start":{"line":42,"column":10},"end":{"line":44,"column":5}}]},"4":{"loc":{"start":{"line":53,"column":4},"end":{"line":54,"column":28}},"type":"if","locations":[{"start":{"line":53,"column":4},"end":{"line":54,"column":28}}]},"5":{"loc":{"start":{"line":55,"column":4},"end":{"line":56,"column":24}},"type":"if","locations":[{"start":{"line":55,"column":4},"end":{"line":56,"column":24}}]}},"s":{"0":256,"1":2,"2":2,"3":30,"4":15,"5":2,"6":15,"7":15,"8":226,"9":113,"10":15,"11":2,"12":15,"13":15,"14":1,"15":1,"16":0,"17":0,"18":0,"19":0,"20":0,"21":1,"22":1,"23":0,"24":0,"25":0,"26":0,"27":0,"28":0,"29":0,"30":0,"31":0,"32":1},"f":{"0":256,"1":2,"2":15,"3":2,"4":15,"5":0,"6":0,"7":0},"b":{"0":[15],"1":[113],"2":[0],"3":[0,0],"4":[0],"5":[0]}}
,"C:\\git\\graphql-app\\src\\Api\\OaApi.ts": {"path":"C:\\git\\graphql-app\\src\\Api\\OaApi.ts","statementMap":{"0":{"start":{"line":3,"column":0},"end":{"line":3,"column":13}}},"fnMap":{"0":{"name":"(anonymous_0)","decl":{"start":{"line":5,"column":4},"end":{"line":5,"column":16}},"loc":{"start":{"line":5,"column":40},"end":{"line":10,"column":5}}}},"branchMap":{},"s":{"0":1},"f":{"0":5},"b":{}}
,"C:\\git\\graphql-app\\src\\DB\\OaDb.ts": {"path":"C:\\git\\graphql-app\\src\\DB\\OaDb.ts","statementMap":{"0":{"start":{"line":1,"column":0},"end":{"line":1,"column":55}},"1":{"start":{"line":2,"column":0},"end":{"line":2,"column":46}},"2":{"start":{"line":3,"column":0},"end":{"line":3,"column":41}},"3":{"start":{"line":4,"column":0},"end":{"line":4,"column":43}},"4":{"start":{"line":5,"column":0},"end":{"line":5,"column":41}},"5":{"start":{"line":6,"column":0},"end":{"line":6,"column":50}},"6":{"start":{"line":8,"column":0},"end":{"line":8,"column":37}},"7":{"start":{"line":9,"column":0},"end":{"line":9,"column":43}},"8":{"start":{"line":10,"column":0},"end":{"line":10,"column":56}},"9":{"start":{"line":11,"column":0},"end":{"line":11,"column":61}},"10":{"start":{"line":26,"column":30},"end":{"line":26,"column":83}},"11":{"start":{"line":28,"column":6},"end":{"line":34,"column":7}},"12":{"start":{"line":30,"column":8},"end":{"line":30,"column":25}},"13":{"start":{"line":33,"column":8},"end":{"line":33,"column":null}},"14":{"start":{"line":36,"column":17},"end":{"line":36,"column":44}},"15":{"start":{"line":38,"column":6},"end":{"line":38,"column":18}},"16":{"start":{"line":43,"column":21},"end":{"line":45,"column":12}},"17":{"start":{"line":47,"column":7},"end":{"line":47,"column":19}},"18":{"start":{"line":54,"column":30},"end":{"line":54,"column":32}},"19":{"start":{"line":55,"column":25},"end":{"line":55,"column":27}},"20":{"start":{"line":57,"column":6},"end":{"line":60,"column":7}},"21":{"start":{"line":59,"column":8},"end":{"line":59,"column":25}},"22":{"start":{"line":62,"column":6},"end":{"line":64,"column":7}},"23":{"start":{"line":63,"column":8},"end":{"line":63,"column":null}},"24":{"start":{"line":66,"column":6},"end":{"line":68,"column":7}},"25":{"start":{"line":67,"column":8},"end":{"line":67,"column":null}},"26":{"start":{"line":70,"column":6},"end":{"line":73,"column":7}},"27":{"start":{"line":72,"column":8},"end":{"line":72,"column":null}},"28":{"start":{"line":75,"column":6},"end":{"line":75,"column":26}},"29":{"start":{"line":76,"column":17},"end":{"line":76,"column":45}},"30":{"start":{"line":77,"column":6},"end":{"line":77,"column":18}},"31":{"start":{"line":83,"column":30},"end":{"line":83,"column":32}},"32":{"start":{"line":85,"column":25},"end":{"line":85,"column":27}},"33":{"start":{"line":86,"column":6},"end":{"line":86,"column":37}},"34":{"start":{"line":87,"column":6},"end":{"line":114,"column":7}},"35":{"start":{"line":89,"column":8},"end":{"line":89,"column":25}},"36":{"start":{"line":93,"column":8},"end":{"line":95,"column":9}},"37":{"start":{"line":94,"column":10},"end":{"line":94,"column":null}},"38":{"start":{"line":97,"column":8},"end":{"line":99,"column":9}},"39":{"start":{"line":98,"column":10},"end":{"line":98,"column":null}},"40":{"start":{"line":101,"column":8},"end":{"line":103,"column":9}},"41":{"start":{"line":102,"column":10},"end":{"line":102,"column":null}},"42":{"start":{"line":105,"column":8},"end":{"line":107,"column":9}},"43":{"start":{"line":106,"column":10},"end":{"line":106,"column":null}},"44":{"start":{"line":109,"column":8},"end":{"line":112,"column":9}},"45":{"start":{"line":111,"column":10},"end":{"line":111,"column":50}},"46":{"start":{"line":115,"column":6},"end":{"line":115,"column":27}},"47":{"start":{"line":116,"column":17},"end":{"line":116,"column":44}},"48":{"start":{"line":118,"column":6},"end":{"line":118,"column":18}},"49":{"start":{"line":127,"column":30},"end":{"line":127,"column":32}},"50":{"start":{"line":129,"column":25},"end":{"line":129,"column":27}},"51":{"start":{"line":130,"column":6},"end":{"line":130,"column":37}},"52":{"start":{"line":131,"column":6},"end":{"line":134,"column":7}},"53":{"start":{"line":133,"column":8},"end":{"line":133,"column":25}},"54":{"start":{"line":135,"column":6},"end":{"line":137,"column":7}},"55":{"start":{"line":136,"column":8},"end":{"line":136,"column":null}},"56":{"start":{"line":139,"column":6},"end":{"line":141,"column":7}},"57":{"start":{"line":140,"column":8},"end":{"line":140,"column":48}},"58":{"start":{"line":143,"column":6},"end":{"line":145,"column":7}},"59":{"start":{"line":144,"column":8},"end":{"line":144,"column":null}},"60":{"start":{"line":147,"column":6},"end":{"line":147,"column":27}},"61":{"start":{"line":148,"column":17},"end":{"line":148,"column":91}},"62":{"start":{"line":150,"column":6},"end":{"line":150,"column":18}},"63":{"start":{"line":156,"column":32},"end":{"line":156,"column":34}},"64":{"start":{"line":157,"column":27},"end":{"line":157,"column":29}},"65":{"start":{"line":159,"column":8},"end":{"line":165,"column":9}},"66":{"start":{"line":160,"column":10},"end":{"line":160,"column":36}},"67":{"start":{"line":164,"column":10},"end":{"line":164,"column":null}},"68":{"start":{"line":167,"column":8},"end":{"line":167,"column":29}},"69":{"start":{"line":168,"column":19},"end":{"line":168,"column":47}},"70":{"start":{"line":169,"column":8},"end":{"line":169,"column":null}},"71":{"start":{"line":174,"column":23},"end":{"line":174,"column":60}},"72":{"start":{"line":175,"column":8},"end":{"line":175,"column":null}},"73":{"start":{"line":176,"column":8},"end":{"line":176,"column":22}},"74":{"start":{"line":177,"column":8},"end":{"line":177,"column":22}},"75":{"start":{"line":181,"column":8},"end":{"line":187,"column":9}},"76":{"start":{"line":182,"column":10},"end":{"line":182,"column":43}},"77":{"start":{"line":184,"column":10},"end":{"line":184,"column":32}},"78":{"start":{"line":186,"column":10},"end":{"line":186,"column":23}},"79":{"start":{"line":22,"column":0},"end":{"line":22,"column":21}}},"fnMap":{"0":{"name":"(anonymous_8)","decl":{"start":{"line":24,"column":17},"end":{"line":24,"column":27}},"loc":{"start":{"line":24,"column":51},"end":{"line":40,"column":null}}},"1":{"name":"(anonymous_10)","decl":{"start":{"line":42,"column":19},"end":{"line":42,"column":30}},"loc":{"start":{"line":42,"column":43},"end":{"line":48,"column":null}}},"2":{"name":"(anonymous_12)","decl":{"start":{"line":52,"column":18},"end":{"line":52,"column":32}},"loc":{"start":{"line":52,"column":121},"end":{"line":79,"column":null}}},"3":{"name":"(anonymous_14)","decl":{"start":{"line":81,"column":18},"end":{"line":81,"column":28}},"loc":{"start":{"line":81,"column":147},"end":{"line":120,"column":null}}},"4":{"name":"(anonymous_16)","decl":{"start":{"line":122,"column":18},"end":{"line":122,"column":33}},"loc":{"start":{"line":125,"column":37},"end":{"line":152,"column":null}}},"5":{"name":"(anonymous_18)","decl":{"start":{"line":154,"column":18},"end":{"line":154,"column":32}},"loc":{"start":{"line":154,"column":49},"end":{"line":170,"column":null}}},"6":{"name":"(anonymous_20)","decl":{"start":{"line":172,"column":18},"end":{"line":172,"column":37}},"loc":{"start":{"line":172,"column":63},"end":{"line":178,"column":null}}},"7":{"name":"(anonymous_22)","decl":{"start":{"line":180,"column":19},"end":{"line":180,"column":26}},"loc":{"start":{"line":180,"column":26},"end":{"line":188,"column":null}}}},"branchMap":{"0":{"loc":{"start":{"line":24,"column":28},"end":{"line":24,"column":51}},"type":"default-arg","locations":[{"start":{"line":24,"column":47},"end":{"line":24,"column":51}}]},"1":{"loc":{"start":{"line":28,"column":6},"end":{"line":34,"column":7}},"type":"if","locations":[{"start":{"line":28,"column":6},"end":{"line":34,"column":7}},{"start":{"line":32,"column":6},"end":{"line":34,"column":7}}]},"2":{"loc":{"start":{"line":52,"column":33},"end":{"line":52,"column":56}},"type":"default-arg","locations":[{"start":{"line":52,"column":52},"end":{"line":52,"column":56}}]},"3":{"loc":{"start":{"line":52,"column":58},"end":{"line":52,"column":87}},"type":"default-arg","locations":[{"start":{"line":52,"column":83},"end":{"line":52,"column":87}}]},"4":{"loc":{"start":{"line":52,"column":90},"end":{"line":52,"column":121}},"type":"default-arg","locations":[{"start":{"line":52,"column":116},"end":{"line":52,"column":121}}]},"5":{"loc":{"start":{"line":57,"column":6},"end":{"line":60,"column":7}},"type":"if","locations":[{"start":{"line":57,"column":6},"end":{"line":60,"column":7}}]},"6":{"loc":{"start":{"line":57,"column":9},"end":{"line":57,"column":39}},"type":"binary-expr","locations":[{"start":{"line":57,"column":9},"end":{"line":57,"column":19}},{"start":{"line":57,"column":23},"end":{"line":57,"column":39}}]},"7":{"loc":{"start":{"line":62,"column":6},"end":{"line":64,"column":7}},"type":"if","locations":[{"start":{"line":62,"column":6},"end":{"line":64,"column":7}}]},"8":{"loc":{"start":{"line":66,"column":6},"end":{"line":68,"column":7}},"type":"if","locations":[{"start":{"line":66,"column":6},"end":{"line":68,"column":7}}]},"9":{"loc":{"start":{"line":70,"column":6},"end":{"line":73,"column":7}},"type":"if","locations":[{"start":{"line":70,"column":6},"end":{"line":73,"column":7}}]},"10":{"loc":{"start":{"line":81,"column":29},"end":{"line":81,"column":52}},"type":"default-arg","locations":[{"start":{"line":81,"column":48},"end":{"line":81,"column":52}}]},"11":{"loc":{"start":{"line":87,"column":6},"end":{"line":114,"column":7}},"type":"if","locations":[{"start":{"line":87,"column":6},"end":{"line":114,"column":7}},{"start":{"line":91,"column":6},"end":{"line":114,"column":7}}]},"12":{"loc":{"start":{"line":87,"column":9},"end":{"line":87,"column":94}},"type":"binary-expr","locations":[{"start":{"line":87,"column":9},"end":{"line":87,"column":19}},{"start":{"line":87,"column":23},"end":{"line":87,"column":40}},{"start":{"line":87,"column":44},"end":{"line":87,"column":55}},{"start":{"line":87,"column":59},"end":{"line":87,"column":76}},{"start":{"line":87,"column":80},"end":{"line":87,"column":94}}]},"13":{"loc":{"start":{"line":93,"column":8},"end":{"line":95,"column":9}},"type":"if","locations":[{"start":{"line":93,"column":8},"end":{"line":95,"column":9}}]},"14":{"loc":{"start":{"line":97,"column":8},"end":{"line":99,"column":9}},"type":"if","locations":[{"start":{"line":97,"column":8},"end":{"line":99,"column":9}}]},"15":{"loc":{"start":{"line":101,"column":8},"end":{"line":103,"column":9}},"type":"if","locations":[{"start":{"line":101,"column":8},"end":{"line":103,"column":9}}]},"16":{"loc":{"start":{"line":105,"column":8},"end":{"line":107,"column":9}},"type":"if","locations":[{"start":{"line":105,"column":8},"end":{"line":107,"column":9}}]},"17":{"loc":{"start":{"line":109,"column":8},"end":{"line":112,"column":9}},"type":"if","locations":[{"start":{"line":109,"column":8},"end":{"line":112,"column":9}}]},"18":{"loc":{"start":{"line":123,"column":6},"end":{"line":123,"column":29}},"type":"default-arg","locations":[{"start":{"line":123,"column":25},"end":{"line":123,"column":29}}]},"19":{"loc":{"start":{"line":124,"column":6},"end":{"line":124,"column":37}},"type":"default-arg","locations":[{"start":{"line":124,"column":33},"end":{"line":124,"column":37}}]},"20":{"loc":{"start":{"line":125,"column":6},"end":{"line":125,"column":37}},"type":"default-arg","locations":[{"start":{"line":125,"column":33},"end":{"line":125,"column":37}}]},"21":{"loc":{"start":{"line":131,"column":6},"end":{"line":134,"column":7}},"type":"if","locations":[{"start":{"line":131,"column":6},"end":{"line":134,"column":7}}]},"22":{"loc":{"start":{"line":131,"column":9},"end":{"line":131,"column":61}},"type":"binary-expr","locations":[{"start":{"line":131,"column":9},"end":{"line":131,"column":19}},{"start":{"line":131,"column":23},"end":{"line":131,"column":40}},{"start":{"line":131,"column":44},"end":{"line":131,"column":61}}]},"23":{"loc":{"start":{"line":135,"column":6},"end":{"line":137,"column":7}},"type":"if","locations":[{"start":{"line":135,"column":6},"end":{"line":137,"column":7}}]},"24":{"loc":{"start":{"line":139,"column":6},"end":{"line":141,"column":7}},"type":"if","locations":[{"start":{"line":139,"column":6},"end":{"line":141,"column":7}}]},"25":{"loc":{"start":{"line":143,"column":6},"end":{"line":145,"column":7}},"type":"if","locations":[{"start":{"line":143,"column":6},"end":{"line":145,"column":7}}]},"26":{"loc":{"start":{"line":159,"column":8},"end":{"line":165,"column":9}},"type":"if","locations":[{"start":{"line":159,"column":8},"end":{"line":165,"column":9}},{"start":{"line":163,"column":8},"end":{"line":165,"column":9}}]}},"s":{"0":1,"1":1,"2":1,"3":1,"4":1,"5":1,"6":1,"7":1,"8":1,"9":1,"10":0,"11":0,"12":0,"13":0,"14":0,"15":0,"16":0,"17":0,"18":0,"19":0,"20":0,"21":0,"22":0,"23":0,"24":0,"25":0,"26":0,"27":0,"28":0,"29":0,"30":0,"31":0,"32":0,"33":0,"34":0,"35":0,"36":0,"37":0,"38":0,"39":0,"40":0,"41":0,"42":0,"43":0,"44":0,"45":0,"46":0,"47":0,"48":0,"49":0,"50":0,"51":0,"52":0,"53":0,"54":0,"55":0,"56":0,"57":0,"58":0,"59":0,"60":0,"61":0,"62":0,"63":0,"64":0,"65":0,"66":0,"67":0,"68":0,"69":0,"70":0,"71":0,"72":0,"73":0,"74":0,"75":0,"76":0,"77":0,"78":0,"79":1},"f":{"0":0,"1":0,"2":0,"3":0,"4":0,"5":0,"6":0,"7":0},"b":{"0":[0],"1":[0,0],"2":[0],"3":[0],"4":[0],"5":[0],"6":[0,0],"7":[0],"8":[0],"9":[0],"10":[0],"11":[0,0],"12":[0,0,0,0,0],"13":[0],"14":[0],"15":[0],"16":[0],"17":[0],"18":[0],"19":[0],"20":[0],"21":[0],"22":[0,0,0],"23":[0],"24":[0],"25":[0],"26":[0,0]}}
[...]
,"C:\\git\\graphql-app\\src\\DB\\models\\Student.ts": {"path":"C:\\git\\graphql-app\\src\\DB\\models\\Student.ts","statementMap":{"0":{"start":{"line":2,"column":0},"end":{"line":2,"column":55}},"1":{"start":{"line":18,"column":8},"end":{"line":45,"column":17}},"2":{"start":{"line":7,"column":0},"end":{"line":7,"column":13}}},"fnMap":{"0":{"name":"(anonymous_0)","decl":{"start":{"line":15,"column":4},"end":{"line":15,"column":10}},"loc":{"start":{"line":15,"column":51},"end":{"line":46,"column":5}}}},"branchMap":{},"s":{"0":1,"1":0,"2":1},"f":{"0":0},"b":{}}
,"C:\\git\\graphql-app\\src\\DB\\models\\TakenLesson.ts": {"path":"C:\\git\\graphql-app\\src\\DB\\models\\TakenLesson.ts","statementMap":{"0":{"start":{"line":2,"column":0},"end":{"line":2,"column":55}},"1":{"start":{"line":18,"column":8},"end":{"line":75,"column":17}},"2":{"start":{"line":5,"column":0},"end":{"line":5,"column":13}}},"fnMap":{"0":{"name":"(anonymous_0)","decl":{"start":{"line":16,"column":4},"end":{"line":16,"column":10}},"loc":{"start":{"line":16,"column":51},"end":{"line":76,"column":5}}}},"branchMap":{},"s":{"0":1,"1":0,"2":1},"f":{"0":0},"b":{}}
,"C:\\git\\graphql-app\\src\\DB\\models\\Teacher.ts": {"path":"C:\\git\\graphql-app\\src\\DB\\models\\Teacher.ts","statementMap":{"0":{"start":{"line":1,"column":0},"end":{"line":1,"column":45}},"1":{"start":{"line":14,"column":8},"end":{"line":47,"column":17}},"2":{"start":{"line":6,"column":0},"end":{"line":6,"column":13}}},"fnMap":{"0":{"name":"(anonymous_0)","decl":{"start":{"line":12,"column":4},"end":{"line":12,"column":10}},"loc":{"start":{"line":12,"column":51},"end":{"line":48,"column":5}}}},"branchMap":{},"s":{"0":1,"1":0,"2":1},"f":{"0":0},"b":{}}
,"C:\\git\\graphql-app\\src\\DB\\transforms\\lesson.ts": {"path":"C:\\git\\graphql-app\\src\\DB\\transforms\\lesson.ts","statementMap":{"0":{"start":{"line":14,"column":8},"end":{"line":14,"column":49}},"1":{"start":{"line":14,"column":33},"end":{"line":14,"column":47}},"2":{"start":{"line":21,"column":8},"end":{"line":31,"column":10}},"3":{"start":{"line":36,"column":8},"end":{"line":39,"column":9}},"4":{"start":{"line":38,"column":12},"end":{"line":38,"column":24}},"5":{"start":{"line":41,"column":8},"end":{"line":41,"column":21}},"6":{"start":{"line":46,"column":8},"end":{"line":49,"column":9}},"7":{"start":{"line":48,"column":12},"end":{"line":48,"column":24}},"8":{"start":{"line":51,"column":8},"end":{"line":51,"column":21}},"9":{"start":{"line":4,"column":0},"end":{"line":4,"column":21}}},"fnMap":{"0":{"name":"(anonymous_0)","decl":{"start":{"line":6,"column":4},"end":{"line":6,"column":null}},"loc":{"start":{"line":6,"column":4},"end":{"line":9,"column":5}}},"1":{"name":"(anonymous_1)","decl":{"start":{"line":11,"column":11},"end":{"line":11,"column":18}},"loc":{"start":{"line":11,"column":36},"end":{"line":17,"column":5}}},"2":{"name":"(anonymous_2)","decl":{"start":{"line":14,"column":27},"end":{"line":14,"column":28}},"loc":{"start":{"line":14,"column":33},"end":{"line":14,"column":47}}},"3":{"name":"(anonymous_3)","decl":{"start":{"line":19,"column":12},"end":{"line":19,"column":18}},"loc":{"start":{"line":19,"column":33},"end":{"line":32,"column":5}}},"4":{"name":"(anonymous_4)","decl":{"start":{"line":34,"column":12},"end":{"line":34,"column":20}},"loc":{"start":{"line":34,"column":36},"end":{"line":42,"column":5}}},"5":{"name":"(anonymous_5)","decl":{"start":{"line":44,"column":12},"end":{"line":44,"column":21}},"loc":{"start":{"line":44,"column":33},"end":{"line":52,"column":5}}}},"branchMap":{"0":{"loc":{"start":{"line":36,"column":8},"end":{"line":39,"column":9}},"type":"if","locations":[{"start":{"line":36,"column":8},"end":{"line":39,"column":9}}]},"1":{"loc":{"start":{"line":36,"column":11},"end":{"line":36,"column":55}},"type":"binary-expr","locations":[{"start":{"line":36,"column":11},"end":{"line":36,"column":23}},{"start":{"line":36,"column":27},"end":{"line":36,"column":39}},{"start":{"line":36,"column":43},"end":{"line":36,"column":55}}]},"2":{"loc":{"start":{"line":46,"column":8},"end":{"line":49,"column":9}},"type":"if","locations":[{"start":{"line":46,"column":8},"end":{"line":49,"column":9}}]},"3":{"loc":{"start":{"line":46,"column":11},"end":{"line":46,"column":31}},"type":"binary-expr","locations":[{"start":{"line":46,"column":11},"end":{"line":46,"column":19}},{"start":{"line":46,"column":23},"end":{"line":46,"column":31}}]}},"s":{"0":2,"1":27,"2":27,"3":27,"4":0,"5":27,"6":27,"7":0,"8":27,"9":1},"f":{"0":2,"1":2,"2":27,"3":27,"4":27,"5":27},"b":{"0":[0],"1":[27,27,27],"2":[0],"3":[27,27]}}
,"C:\\git\\graphql-app\\src\\DB\\transforms\\parent.ts": {"path":"C:\\git\\graphql-app\\src\\DB\\transforms\\parent.ts","statementMap":{"0":{"start":{"line":10,"column":8},"end":{"line":10,"column":50}},"1":{"start":{"line":10,"column":34},"end":{"line":10,"column":48}},"2":{"start":{"line":15,"column":8},"end":{"line":21,"column":null}},"3":{"start":{"line":26,"column":8},"end":{"line":26,"column":null}},"4":{"start":{"line":6,"column":0},"end":{"line":6,"column":21}}},"fnMap":{"0":{"name":"(anonymous_0)","decl":{"start":{"line":8,"column":11},"end":{"line":8,"column":18}},"loc":{"start":{"line":8,"column":36},"end":{"line":11,"column":5}}},"1":{"name":"(anonymous_1)","decl":{"start":{"line":10,"column":27},"end":{"line":10,"column":28}},"loc":{"start":{"line":10,"column":34},"end":{"line":10,"column":48}}},"2":{"name":"(anonymous_2)","decl":{"start":{"line":13,"column":11},"end":{"line":13,"column":17}},"loc":{"start":{"line":13,"column":32},"end":{"line":22,"column":5}}},"3":{"name":"(anonymous_3)","decl":{"start":{"line":24,"column":12},"end":{"line":24,"column":17}},"loc":{"start":{"line":24,"column":31},"end":{"line":27,"column":5}}}},"branchMap":{},"s":{"0":1,"1":0,"2":0,"3":0,"4":1},"f":{"0":1,"1":0,"2":0,"3":0},"b":{}}
,"C:\\git\\graphql-app\\src\\DB\\transforms\\takenLesson.ts": {"path":"C:\\git\\graphql-app\\src\\DB\\transforms\\takenLesson.ts","statementMap":{"0":{"start":{"line":3,"column":0},"end":{"line":3,"column":41}},"1":{"start":{"line":10,"column":8},"end":{"line":10,"column":null}},"2":{"start":{"line":10,"column":39},"end":{"line":10,"column":58}},"3":{"start":{"line":15,"column":8},"end":{"line":24,"column":null}},"4":{"start":{"line":29,"column":8},"end":{"line":41,"column":11}},"5":{"start":{"line":32,"column":14},"end":{"line":32,"column":null}},"6":{"start":{"line":35,"column":14},"end":{"line":35,"column":null}},"7":{"start":{"line":37,"column":16},"end":{"line":37,"column":null}},"8":{"start":{"line":40,"column":14},"end":{"line":40,"column":null}},"9":{"start":{"line":4,"column":0},"end":{"line":4,"column":21}}},"fnMap":{"0":{"name":"(anonymous_0)","decl":{"start":{"line":6,"column":4},"end":{"line":6,"column":18}},"loc":{"start":{"line":6,"column":4},"end":{"line":6,"column":19}}},"1":{"name":"(anonymous_1)","decl":{"start":{"line":8,"column":11},"end":{"line":8,"column":23}},"loc":{"start":{"line":8,"column":51},"end":{"line":11,"column":5}}},"2":{"name":"(anonymous_2)","decl":{"start":{"line":10,"column":32},"end":{"line":10,"column":33}},"loc":{"start":{"line":10,"column":39},"end":{"line":10,"column":58}}},"3":{"name":"(anonymous_3)","decl":{"start":{"line":13,"column":12},"end":{"line":13,"column":23}},"loc":{"start":{"line":13,"column":48},"end":{"line":25,"column":5}}},"4":{"name":"(anonymous_4)","decl":{"start":{"line":27,"column":12},"end":{"line":27,"column":21}},"loc":{"start":{"line":27,"column":34},"end":{"line":42,"column":5}}}},"branchMap":{"0":{"loc":{"start":{"line":29,"column":8},"end":{"line":41,"column":11}},"type":"switch","locations":[{"start":{"line":30,"column":12},"end":{"line":32,"column":null}},{"start":{"line":33,"column":12},"end":{"line":35,"column":null}},{"start":{"line":36,"column":12},"end":{"line":37,"column":null}},{"start":{"line":38,"column":12},"end":{"line":38,"column":19}},{"start":{"line":39,"column":12},"end":{"line":40,"column":null}}]}},"s":{"0":1,"1":0,"2":0,"3":0,"4":0,"5":0,"6":0,"7":0,"8":0,"9":1},"f":{"0":0,"1":0,"2":0,"3":0,"4":0},"b":{"0":[0,0,0,0,0]}}
,"C:\\git\\graphql-app\\src\\DB\\transforms\\teacher.ts": {"path":"C:\\git\\graphql-app\\src\\DB\\transforms\\teacher.ts","statementMap":{"0":{"start":{"line":15,"column":8},"end":{"line":15,"column":null}},"1":{"start":{"line":15,"column":35},"end":{"line":15,"column":50}},"2":{"start":{"line":19,"column":8},"end":{"line":24,"column":null}},"3":{"start":{"line":4,"column":0},"end":{"line":4,"column":13}}},"fnMap":{"0":{"name":"(anonymous_0)","decl":{"start":{"line":7,"column":4},"end":{"line":7,"column":null}},"loc":{"start":{"line":7,"column":4},"end":{"line":10,"column":5}}},"1":{"name":"(anonymous_1)","decl":{"start":{"line":13,"column":11},"end":{"line":13,"column":19}},"loc":{"start":{"line":13,"column":39},"end":{"line":16,"column":5}}},"2":{"name":"(anonymous_2)","decl":{"start":{"line":15,"column":28},"end":{"line":15,"column":29}},"loc":{"start":{"line":15,"column":35},"end":{"line":15,"column":50}}},"3":{"name":"(anonymous_3)","decl":{"start":{"line":18,"column":11},"end":{"line":18,"column":18}},"loc":{"start":{"line":18,"column":35},"end":{"line":25,"column":5}}}},"branchMap":{},"s":{"0":0,"1":0,"2":0,"3":1},"f":{"0":0,"1":0,"2":0,"3":0},"b":{}}
,"C:\\git\\graphql-app\\src\\schema\\enums.ts": {"path":"C:\\git\\graphql-app\\src\\schema\\enums.ts","statementMap":{"0":{"start":{"line":1,"column":0},"end":{"line":1,"column":null}},"1":{"start":{"line":3,"column":4},"end":{"line":3,"column":null}},"2":{"start":{"line":4,"column":4},"end":{"line":4,"column":null}},"3":{"start":{"line":5,"column":4},"end":{"line":5,"column":null}},"4":{"start":{"line":6,"column":4},"end":{"line":6,"column":null}},"5":{"start":{"line":7,"column":4},"end":{"line":7,"column":null}},"6":{"start":{"line":8,"column":4},"end":{"line":8,"column":null}},"7":{"start":{"line":9,"column":4},"end":{"line":9,"column":null}},"8":{"start":{"line":10,"column":4},"end":{"line":10,"column":null}},"9":{"start":{"line":13,"column":0},"end":{"line":13,"column":null}},"10":{"start":{"line":15,"column":4},"end":{"line":15,"column":null}},"11":{"start":{"line":16,"column":4},"end":{"line":16,"column":null}},"12":{"start":{"line":17,"column":4},"end":{"line":17,"column":null}},"13":{"start":{"line":18,"column":4},"end":{"line":18,"column":null}},"14":{"start":{"line":19,"column":4},"end":{"line":19,"column":null}},"15":{"start":{"line":20,"column":4},"end":{"line":20,"column":null}},"16":{"start":{"line":21,"column":4},"end":{"line":21,"column":null}}},"fnMap":{"0":{"name":"(anonymous_0)","decl":{"start":{"line":1,"column":0},"end":{"line":1,"column":12}},"loc":{"start":{"line":1,"column":20},"end":{"line":11,"column":1}}},"1":{"name":"(anonymous_1)","decl":{"start":{"line":13,"column":0},"end":{"line":13,"column":12}},"loc":{"start":{"line":13,"column":15},"end":{"line":22,"column":1}}}},"branchMap":{"0":{"loc":{"start":{"line":1,"column":12},"end":{"line":1,"column":null}},"type":"binary-expr","locations":[{"start":{"line":1,"column":12},"end":{"line":1,"column":20}},{"start":{"line":1,"column":20},"end":{"line":1,"column":null}}]},"1":{"loc":{"start":{"line":13,"column":12},"end":{"line":13,"column":null}},"type":"binary-expr","locations":[{"start":{"line":13,"column":12},"end":{"line":13,"column":15}},{"start":{"line":13,"column":15},"end":{"line":13,"column":null}}]}},"s":{"0":1,"1":1,"2":1,"3":1,"4":1,"5":1,"6":1,"7":1,"8":1,"9":1,"10":1,"11":1,"12":1,"13":1,"14":1,"15":1,"16":1},"f":{"0":1,"1":1},"b":{"0":[1,1],"1":[1,1]}}
,"C:\\git\\graphql-app\\src\\schema\\index.ts": {"path":"C:\\git\\graphql-app\\src\\schema\\index.ts","statementMap":{"0":{"start":{"line":2,"column":0},"end":{"line":2,"column":55}},"1":{"start":{"line":3,"column":0},"end":{"line":3,"column":55}},"2":{"start":{"line":5,"column":0},"end":{"line":5,"column":32}},"3":{"start":{"line":7,"column":0},"end":{"line":7,"column":null}},"4":{"start":{"line":15,"column":13},"end":{"line":107,"column":null}},"5":{"start":{"line":22,"column":40},"end":{"line":36,"column":null}},"6":{"start":{"line":24,"column":26},"end":{"line":24,"column":101}},"7":{"start":{"line":35,"column":12},"end":{"line":35,"column":27}},"8":{"start":{"line":37,"column":41},"end":{"line":49,"column":null}},"9":{"start":{"line":46,"column":16},"end":{"line":46,"column":20}},"10":{"start":{"line":48,"column":12},"end":{"line":48,"column":91}},"11":{"start":{"line":50,"column":40},"end":{"line":63,"column":null}},"12":{"start":{"line":58,"column":16},"end":{"line":58,"column":20}},"13":{"start":{"line":60,"column":27},"end":{"line":60,"column":137}},"14":{"start":{"line":62,"column":12},"end":{"line":62,"column":27}},"15":{"start":{"line":64,"column":44},"end":{"line":78,"column":null}},"16":{"start":{"line":72,"column":16},"end":{"line":72,"column":20}},"17":{"start":{"line":74,"column":31},"end":{"line":74,"column":99}},"18":{"start":{"line":76,"column":12},"end":{"line":76,"column":32}},"19":{"start":{"line":79,"column":40},"end":{"line":90,"column":null}},"20":{"start":{"line":87,"column":16},"end":{"line":87,"column":20}},"21":{"start":{"line":89,"column":12},"end":{"line":89,"column":65}},"22":{"start":{"line":94,"column":52},"end":{"line":105,"column":null}},"23":{"start":{"line":103,"column":16},"end":{"line":103,"column":20}},"24":{"start":{"line":104,"column":12},"end":{"line":104,"column":79}}},"fnMap":{"0":{"name":"(anonymous_8)","decl":{"start":{"line":22,"column":17},"end":{"line":22,"column":24}},"loc":{"start":{"line":22,"column":40},"end":{"line":36,"column":null}}},"1":{"name":"(anonymous_9)","decl":{"start":{"line":22,"column":40},"end":{"line":22,"column":null}},"loc":{"start":{"line":22,"column":40},"end":{"line":36,"column":9}}},"2":{"name":"(anonymous_10)","decl":{"start":{"line":37,"column":18},"end":{"line":37,"column":25}},"loc":{"start":{"line":37,"column":41},"end":{"line":49,"column":null}}},"3":{"name":"(anonymous_11)","decl":{"start":{"line":37,"column":41},"end":{"line":37,"column":null}},"loc":{"start":{"line":37,"column":41},"end":{"line":49,"column":9}}},"4":{"name":"(anonymous_12)","decl":{"start":{"line":50,"column":17},"end":{"line":50,"column":24}},"loc":{"start":{"line":50,"column":40},"end":{"line":63,"column":null}}},"5":{"name":"(anonymous_13)","decl":{"start":{"line":50,"column":40},"end":{"line":50,"column":null}},"loc":{"start":{"line":50,"column":40},"end":{"line":63,"column":9}}},"6":{"name":"(anonymous_14)","decl":{"start":{"line":64,"column":22},"end":{"line":64,"column":28}},"loc":{"start":{"line":64,"column":44},"end":{"line":78,"column":null}}},"7":{"name":"(anonymous_15)","decl":{"start":{"line":64,"column":44},"end":{"line":64,"column":null}},"loc":{"start":{"line":64,"column":44},"end":{"line":78,"column":9}}},"8":{"name":"(anonymous_16)","decl":{"start":{"line":79,"column":18},"end":{"line":79,"column":24}},"loc":{"start":{"line":79,"column":40},"end":{"line":90,"column":null}}},"9":{"name":"(anonymous_17)","decl":{"start":{"line":79,"column":40},"end":{"line":79,"column":null}},"loc":{"start":{"line":79,"column":40},"end":{"line":90,"column":9}}},"10":{"name":"(anonymous_18)","decl":{"start":{"line":94,"column":29},"end":{"line":94,"column":36}},"loc":{"start":{"line":94,"column":52},"end":{"line":105,"column":null}}},"11":{"name":"(anonymous_19)","decl":{"start":{"line":94,"column":52},"end":{"line":94,"column":null}},"loc":{"start":{"line":94,"column":52},"end":{"line":105,"column":9}}}},"branchMap":{},"s":{"0":1,"1":1,"2":1,"3":1,"4":1,"5":1,"6":1,"7":1,"8":1,"9":1,"10":1,"11":2,"12":2,"13":2,"14":2,"15":1,"16":1,"17":1,"18":1,"19":0,"20":0,"21":0,"22":0,"23":0,"24":0},"f":{"0":1,"1":1,"2":1,"3":1,"4":2,"5":2,"6":1,"7":1,"8":0,"9":0,"10":0,"11":0},"b":{}}
,"C:\\git\\graphql-app\\src\\schema\\types\\lesson.ts": {"path":"C:\\git\\graphql-app\\src\\schema\\types\\lesson.ts","statementMap":{"0":{"start":{"line":1,"column":0},"end":{"line":1,"column":36}},"1":{"start":{"line":3,"column":13},"end":{"line":39,"column":2}}},"fnMap":{},"branchMap":{},"s":{"0":1,"1":1},"f":{},"b":{}}
,"C:\\git\\graphql-app\\src\\schema\\types\\lessonInput.ts": {"path":"C:\\git\\graphql-app\\src\\schema\\types\\lessonInput.ts","statementMap":{"0":{"start":{"line":1,"column":0},"end":{"line":1,"column":36}},"1":{"start":{"line":3,"column":13},"end":{"line":17,"column":2}}},"fnMap":{},"branchMap":{},"s":{"0":1,"1":1},"f":{},"b":{}}
,"C:\\git\\graphql-app\\src\\schema\\types\\parent.ts": {"path":"C:\\git\\graphql-app\\src\\schema\\types\\parent.ts","statementMap":{"0":{"start":{"line":1,"column":0},"end":{"line":1,"column":36}},"1":{"start":{"line":3,"column":13},"end":{"line":12,"column":2}}},"fnMap":{},"branchMap":{},"s":{"0":1,"1":1},"f":{},"b":{}}
,"C:\\git\\graphql-app\\src\\schema\\types\\parentInput.ts": {"path":"C:\\git\\graphql-app\\src\\schema\\types\\parentInput.ts","statementMap":{"0":{"start":{"line":1,"column":0},"end":{"line":1,"column":36}},"1":{"start":{"line":3,"column":13},"end":{"line":12,"column":2}}},"fnMap":{},"branchMap":{},"s":{"0":1,"1":1},"f":{},"b":{}}
,"C:\\git\\graphql-app\\src\\schema\\types\\queryType.ts": {"path":"C:\\git\\graphql-app\\src\\schema\\types\\queryType.ts","statementMap":{"0":{"start":{"line":1,"column":0},"end":{"line":1,"column":36}},"1":{"start":{"line":3,"column":13},"end":{"line":13,"column":2}}},"fnMap":{},"branchMap":{},"s":{"0":1,"1":1},"f":{},"b":{}}
,"C:\\git\\graphql-app\\src\\schema\\types\\student.ts": {"path":"C:\\git\\graphql-app\\src\\schema\\types\\student.ts","statementMap":{"0":{"start":{"line":1,"column":0},"end":{"line":1,"column":36}},"1":{"start":{"line":3,"column":13},"end":{"line":12,"column":2}}},"fnMap":{},"branchMap":{},"s":{"0":1,"1":1},"f":{},"b":{}}
,"C:\\git\\graphql-app\\src\\schema\\types\\studentInput.ts": {"path":"C:\\git\\graphql-app\\src\\schema\\types\\studentInput.ts","statementMap":{"0":{"start":{"line":1,"column":0},"end":{"line":1,"column":36}},"1":{"start":{"line":3,"column":13},"end":{"line":14,"column":2}}},"fnMap":{},"branchMap":{},"s":{"0":1,"1":1},"f":{},"b":{}}
,"C:\\git\\graphql-app\\src\\schema\\types\\takenLesson.ts": {"path":"C:\\git\\graphql-app\\src\\schema\\types\\takenLesson.ts","statementMap":{"0":{"start":{"line":1,"column":0},"end":{"line":1,"column":36}},"1":{"start":{"line":3,"column":13},"end":{"line":27,"column":2}}},"fnMap":{},"branchMap":{},"s":{"0":1,"1":1},"f":{},"b":{}}
,"C:\\git\\graphql-app\\src\\schema\\types\\teacher.ts": {"path":"C:\\git\\graphql-app\\src\\schema\\types\\teacher.ts","statementMap":{"0":{"start":{"line":1,"column":0},"end":{"line":1,"column":36}},"1":{"start":{"line":3,"column":13},"end":{"line":16,"column":2}}},"fnMap":{},"branchMap":{},"s":{"0":1,"1":1},"f":{},"b":{}}
,"C:\\git\\graphql-app\\src\\schema\\types\\mutations\\updateLessonSubject.ts": {"path":"C:\\git\\graphql-app\\src\\schema\\types\\mutations\\updateLessonSubject.ts","statementMap":{"0":{"start":{"line":1,"column":0},"end":{"line":1,"column":36}},"1":{"start":{"line":3,"column":13},"end":{"line":8,"column":2}}},"fnMap":{},"branchMap":{},"s":{"0":1,"1":1},"f":{},"b":{}}
,"C:\\git\\graphql-app\\src\\schema\\types\\mutations\\updateLessonSubjectInput.ts": {"path":"C:\\git\\graphql-app\\src\\schema\\types\\mutations\\updateLessonSubjectInput.ts","statementMap":{"0":{"start":{"line":1,"column":0},"end":{"line":1,"column":36}},"1":{"start":{"line":3,"column":13},"end":{"line":9,"column":2}}},"fnMap":{},"branchMap":{},"s":{"0":1,"1":1},"f":{},"b":{}}
,"C:\\git\\graphql-app\\src\\tests\\queries.ts": {"path":"C:\\git\\graphql-app\\src\\tests\\queries.ts","statementMap":{"0":{"start":{"line":1,"column":0},"end":{"line":1,"column":36}},"1":{"start":{"line":3,"column":13},"end":{"line":9,"column":2}},"2":{"start":{"line":12,"column":13},"end":{"line":18,"column":2}},"3":{"start":{"line":22,"column":13},"end":{"line":28,"column":2}},"4":{"start":{"line":31,"column":13},"end":{"line":37,"column":2}}},"fnMap":{},"branchMap":{},"s":{"0":1,"1":1,"2":1,"3":1,"4":1},"f":{},"b":{}}
}
