TN:
SF:dist\utils.js
FN:5,(anonymous_0)
FN:8,(anonymous_1)
FN:16,(anonymous_2)
FN:24,(anonymous_3)
FN:25,(anonymous_4)
FN:33,whiteList
FN:36,(anonymous_6)
FN:43,(anonymous_7)
FNF:8
FNH:5
FNDA:256,(anonymous_0)
FNDA:2,(anonymous_1)
FNDA:15,(anonymous_2)
FNDA:2,(anonymous_3)
FNDA:15,(anonymous_4)
FNDA:0,whiteList
FNDA:0,(anonymous_6)
FNDA:0,(anonymous_7)
DA:2,1
DA:3,1
DA:6,256
DA:9,2
DA:10,2
DA:11,30
DA:12,15
DA:14,2
DA:17,15
DA:18,15
DA:19,226
DA:20,113
DA:22,15
DA:25,2
DA:26,15
DA:27,15
DA:31,1
DA:32,1
DA:34,0
DA:35,0
DA:36,0
DA:39,0
DA:42,1
DA:43,1
DA:44,0
DA:45,0
DA:46,0
DA:47,0
DA:48,0
DA:49,0
DA:51,1
LF:31
LH:21
BRDA:11,0,0,15
BRDA:11,0,1,15
BRDA:19,1,0,113
BRDA:19,1,1,113
BRDA:33,2,0,0
BRDA:35,3,0,0
BRDA:35,3,1,0
BRDA:45,4,0,0
BRDA:45,4,1,0
BRDA:47,5,0,0
BRDA:47,5,1,0
BRF:11
BRH:4
end_of_record
TN:
SF:dist\Api\OaApi.js
FN:5,(anonymous_0)
FNF:1
FNH:1
FNDA:5,(anonymous_0)
DA:2,1
DA:3,1
DA:8,1
LF:3
LH:3
BRF:0
BRH:0
end_of_record
TN:
SF:dist\DB\OaDb.js
FN:2,(anonymous_0)
FN:3,adopt
FN:3,(anonymous_2)
FN:4,(anonymous_3)
FN:5,fulfilled
FN:6,rejected
FN:7,step
FN:11,(anonymous_7)
FN:25,(anonymous_8)
FN:26,(anonymous_9)
FN:38,(anonymous_10)
FN:39,(anonymous_11)
FN:46,(anonymous_12)
FN:47,(anonymous_13)
FN:67,(anonymous_14)
FN:68,(anonymous_15)
FN:94,(anonymous_16)
FN:95,(anonymous_17)
FN:116,(anonymous_18)
FN:117,(anonymous_19)
FN:131,(anonymous_20)
FN:132,(anonymous_21)
FN:139,(anonymous_22)
FN:140,(anonymous_23)
FNF:24
FNH:1
FNDA:0,(anonymous_0)
FNDA:0,adopt
FNDA:0,(anonymous_2)
FNDA:0,(anonymous_3)
FNDA:0,fulfilled
FNDA:0,rejected
FNDA:0,step
FNDA:1,(anonymous_7)
FNDA:0,(anonymous_8)
FNDA:0,(anonymous_9)
FNDA:0,(anonymous_10)
FNDA:0,(anonymous_11)
FNDA:0,(anonymous_12)
FNDA:0,(anonymous_13)
FNDA:0,(anonymous_14)
FNDA:0,(anonymous_15)
FNDA:0,(anonymous_16)
FNDA:0,(anonymous_17)
FNDA:0,(anonymous_18)
FNDA:0,(anonymous_19)
FNDA:0,(anonymous_20)
FNDA:0,(anonymous_21)
FNDA:0,(anonymous_22)
FNDA:0,(anonymous_23)
DA:2,1
DA:3,0
DA:4,0
DA:5,0
DA:6,0
DA:7,0
DA:8,0
DA:11,1
DA:12,1
DA:14,1
DA:15,1
DA:16,1
DA:17,1
DA:18,1
DA:19,1
DA:20,1
DA:21,1
DA:22,1
DA:23,1
DA:26,0
DA:27,0
DA:28,0
DA:29,0
DA:32,0
DA:34,0
DA:35,0
DA:39,0
DA:40,0
DA:43,0
DA:47,0
DA:48,0
DA:49,0
DA:50,0
DA:51,0
DA:53,0
DA:54,0
DA:56,0
DA:57,0
DA:59,0
DA:60,0
DA:62,0
DA:63,0
DA:64,0
DA:68,0
DA:69,0
DA:70,0
DA:71,0
DA:72,0
DA:73,0
DA:76,0
DA:77,0
DA:79,0
DA:80,0
DA:82,0
DA:83,0
DA:85,0
DA:86,0
DA:89,0
DA:90,0
DA:91,0
DA:95,0
DA:96,0
DA:97,0
DA:98,0
DA:99,0
DA:100,0
DA:102,0
DA:103,0
DA:105,0
DA:106,0
DA:108,0
DA:109,0
DA:111,0
DA:112,0
DA:113,0
DA:117,0
DA:118,0
DA:119,0
DA:120,0
DA:121,0
DA:124,0
DA:126,0
DA:127,0
DA:128,0
DA:132,0
DA:133,0
DA:134,0
DA:135,0
DA:136,0
DA:140,0
DA:141,0
DA:142,0
DA:143,0
DA:146,0
DA:151,1
LF:95
LH:14
BRDA:2,0,0,1
BRDA:2,0,1,1
BRDA:2,0,2,1
BRDA:3,1,0,0
BRDA:3,1,1,0
BRDA:4,2,0,0
BRDA:4,2,1,0
BRDA:7,3,0,0
BRDA:7,3,1,0
BRDA:8,4,0,0
BRDA:8,4,1,0
BRDA:11,5,0,1
BRDA:11,5,1,1
BRDA:11,5,2,1
BRDA:12,6,0,1
BRDA:12,6,1,0
BRDA:12,7,0,1
BRDA:12,7,1,1
BRDA:25,8,0,0
BRDA:28,9,0,0
BRDA:28,9,1,0
BRDA:46,10,0,0
BRDA:46,11,0,0
BRDA:46,12,0,0
BRDA:50,13,0,0
BRDA:50,13,1,0
BRDA:50,14,0,0
BRDA:50,14,1,0
BRDA:53,15,0,0
BRDA:53,15,1,0
BRDA:56,16,0,0
BRDA:56,16,1,0
BRDA:59,17,0,0
BRDA:59,17,1,0
BRDA:67,18,0,0
BRDA:72,19,0,0
BRDA:72,19,1,0
BRDA:72,20,0,0
BRDA:72,20,1,0
BRDA:72,20,2,0
BRDA:72,20,3,0
BRDA:76,21,0,0
BRDA:76,21,1,0
BRDA:79,22,0,0
BRDA:79,22,1,0
BRDA:82,23,0,0
BRDA:82,23,1,0
BRDA:85,24,0,0
BRDA:85,24,1,0
BRDA:94,25,0,0
BRDA:94,26,0,0
BRDA:94,27,0,0
BRDA:99,28,0,0
BRDA:99,28,1,0
BRDA:99,29,0,0
BRDA:99,29,1,0
BRDA:99,29,2,0
BRDA:102,30,0,0
BRDA:102,30,1,0
BRDA:105,31,0,0
BRDA:105,31,1,0
BRDA:108,32,0,0
BRDA:108,32,1,0
BRDA:120,33,0,0
BRDA:120,33,1,0
BRF:65
BRH:9
end_of_record
TN:
SF:dist\DB\index.js
FN:7,(anonymous_0)
FN:11,(anonymous_1)
FN:15,(anonymous_2)
FNF:3
FNH:2
FNDA:5,(anonymous_0)
FNDA:5,(anonymous_1)
FNDA:0,(anonymous_2)
DA:2,1
DA:3,1
DA:4,1
DA:5,1
DA:8,5
DA:9,5
DA:12,5
DA:13,5
DA:19,1
LF:9
LH:9
BRDA:13,0,0,5
BRDA:13,0,1,0
BRF:2
BRH:1
end_of_record
TN:
SF:dist\DB\models\Lesson.js
FN:6,(anonymous_0)
FNF:1
FNH:0
FNDA:0,(anonymous_0)
DA:2,1
DA:3,1
DA:4,1
DA:7,0
DA:59,1
LF:5
LH:4
BRF:0
BRH:0
end_of_record
TN:
SF:dist\DB\models\Parent.js
FN:6,(anonymous_0)
FNF:1
FNH:0
FNDA:0,(anonymous_0)
DA:2,1
DA:3,1
DA:4,1
DA:7,0
DA:41,1
LF:5
LH:4
BRF:0
BRH:0
end_of_record
TN:
SF:dist\DB\models\Student.js
FN:6,(anonymous_0)
FNF:1
FNH:0
FNDA:0,(anonymous_0)
DA:2,1
DA:3,1
DA:4,1
DA:7,0
DA:35,1
LF:5
LH:4
BRF:0
BRH:0
end_of_record
TN:
SF:dist\DB\models\TakenLesson.js
FN:6,(anonymous_0)
FNF:1
FNH:0
FNDA:0,(anonymous_0)
DA:2,1
DA:3,1
DA:4,1
DA:7,0
DA:65,1
LF:5
LH:4
BRF:0
BRH:0
end_of_record
TN:
SF:dist\DB\models\Teacher.js
FN:6,(anonymous_0)
FNF:1
FNH:0
FNDA:0,(anonymous_0)
DA:2,1
DA:3,1
DA:4,1
DA:7,0
DA:41,1
LF:5
LH:4
BRF:0
BRH:0
end_of_record
TN:
SF:dist\DB\transforms\lesson.js
FN:4,(anonymous_0)
FN:6,(anonymous_1)
FN:7,(anonymous_2)
FN:9,(anonymous_3)
FN:22,(anonymous_4)
FN:28,(anonymous_5)
FNF:6
FNH:6
FNDA:2,(anonymous_0)
FNDA:2,(anonymous_1)
FNDA:27,(anonymous_2)
FNDA:27,(anonymous_3)
FNDA:27,(anonymous_4)
FNDA:27,(anonymous_5)
DA:2,1
DA:7,27
DA:10,27
DA:23,27
DA:24,0
DA:26,27
DA:29,27
DA:30,0
DA:32,27
DA:35,1
LF:10
LH:8
BRDA:23,0,0,0
BRDA:23,0,1,27
BRDA:23,1,0,27
BRDA:23,1,1,27
BRDA:23,1,2,27
BRDA:29,2,0,0
BRDA:29,2,1,27
BRDA:29,3,0,27
BRDA:29,3,1,27
BRF:9
BRH:7
end_of_record
TN:
SF:dist\DB\transforms\parent.js
FN:4,(anonymous_0)
FN:5,(anonymous_1)
FN:7,(anonymous_2)
FN:15,(anonymous_3)
FNF:4
FNH:1
FNDA:1,(anonymous_0)
FNDA:0,(anonymous_1)
FNDA:0,(anonymous_2)
FNDA:0,(anonymous_3)
DA:2,1
DA:5,1
DA:8,0
DA:16,0
DA:19,1
LF:5
LH:3
BRF:0
BRH:0
end_of_record
TN:
SF:dist\DB\transforms\takenLesson.js
FN:5,(anonymous_0)
FN:6,(anonymous_1)
FN:7,(anonymous_2)
FN:9,(anonymous_3)
FN:21,(anonymous_4)
FNF:5
FNH:0
FNDA:0,(anonymous_0)
FNDA:0,(anonymous_1)
FNDA:0,(anonymous_2)
FNDA:0,(anonymous_3)
FNDA:0,(anonymous_4)
DA:2,1
DA:3,1
DA:7,0
DA:10,0
DA:22,0
DA:25,0
DA:28,0
DA:30,0
DA:33,0
DA:37,1
LF:10
LH:3
BRDA:22,0,0,0
BRDA:22,0,1,0
BRDA:22,0,2,0
BRDA:22,0,3,0
BRDA:22,0,4,0
BRF:5
BRH:0
end_of_record
TN:
SF:dist\DB\transforms\teacher.js
FN:5,(anonymous_0)
FN:7,(anonymous_1)
FN:8,(anonymous_2)
FN:10,(anonymous_3)
FNF:4
FNH:0
FNDA:0,(anonymous_0)
FNDA:0,(anonymous_1)
FNDA:0,(anonymous_2)
FNDA:0,(anonymous_3)
DA:2,1
DA:3,1
DA:8,0
DA:11,0
DA:19,1
LF:5
LH:3
BRF:0
BRH:0
end_of_record
TN:
SF:dist\schema\enums.js
FN:5,(anonymous_0)
FN:16,(anonymous_1)
FNF:2
FNH:2
FNDA:1,(anonymous_0)
FNDA:1,(anonymous_1)
DA:2,1
DA:3,1
DA:5,1
DA:6,1
DA:7,1
DA:8,1
DA:9,1
DA:10,1
DA:11,1
DA:12,1
DA:13,1
DA:16,1
DA:17,1
DA:18,1
DA:19,1
DA:20,1
DA:21,1
DA:22,1
DA:23,1
LF:19
LH:19
BRDA:14,0,0,1
BRDA:14,0,1,1
BRDA:24,1,0,1
BRDA:24,1,1,1
BRF:4
BRH:4
end_of_record
TN:
SF:dist\schema\index.js
FN:2,(anonymous_0)
FN:3,adopt
FN:3,(anonymous_2)
FN:4,(anonymous_3)
FN:5,fulfilled
FN:6,rejected
FN:7,step
FN:11,(anonymous_7)
FN:25,(anonymous_8)
FN:25,(anonymous_9)
FN:37,(anonymous_10)
FN:37,(anonymous_11)
FN:41,(anonymous_12)
FN:41,(anonymous_13)
FN:46,(anonymous_14)
FN:46,(anonymous_15)
FN:51,(anonymous_16)
FN:51,(anonymous_17)
FN:57,(anonymous_18)
FN:57,(anonymous_19)
FNF:20
FNH:15
FNDA:5,(anonymous_0)
FNDA:5,adopt
FNDA:1,(anonymous_2)
FNDA:5,(anonymous_3)
FNDA:5,fulfilled
FNDA:0,rejected
FNDA:10,step
FNDA:2,(anonymous_7)
FNDA:1,(anonymous_8)
FNDA:1,(anonymous_9)
FNDA:1,(anonymous_10)
FNDA:1,(anonymous_11)
FNDA:2,(anonymous_12)
FNDA:2,(anonymous_13)
FNDA:1,(anonymous_14)
FNDA:1,(anonymous_15)
FNDA:0,(anonymous_16)
FNDA:0,(anonymous_17)
FNDA:0,(anonymous_18)
FNDA:0,(anonymous_19)
DA:2,1
DA:3,5
DA:4,5
DA:5,5
DA:6,0
DA:7,10
DA:8,5
DA:11,1
DA:12,2
DA:14,1
DA:15,1
DA:16,1
DA:17,1
DA:18,1
DA:19,1
DA:20,1
DA:25,1
DA:26,1
DA:35,1
DA:37,1
DA:38,1
DA:39,1
DA:41,2
DA:42,2
DA:43,2
DA:44,2
DA:46,1
DA:47,1
DA:48,1
DA:49,1
DA:51,0
DA:52,0
DA:53,0
DA:57,0
DA:58,0
DA:59,0
LF:36
LH:29
BRDA:2,0,0,1
BRDA:2,0,1,1
BRDA:2,0,2,1
BRDA:3,1,0,4
BRDA:3,1,1,1
BRDA:4,2,0,5
BRDA:4,2,1,5
BRDA:7,3,0,5
BRDA:7,3,1,5
BRDA:8,4,0,5
BRDA:8,4,1,5
BRDA:11,5,0,1
BRDA:11,5,1,1
BRDA:11,5,2,1
BRDA:12,6,0,2
BRDA:12,6,1,0
BRDA:12,7,0,2
BRDA:12,7,1,2
BRF:18
BRH:17
end_of_record
TN:
SF:dist\schema\types\lesson.js
FNF:0
FNH:0
DA:2,1
DA:3,1
DA:4,1
DA:5,1
LF:4
LH:4
BRF:0
BRH:0
end_of_record
TN:
SF:dist\schema\types\lessonInput.js
FNF:0
FNH:0
DA:2,1
DA:3,1
DA:4,1
DA:5,1
LF:4
LH:4
BRF:0
BRH:0
end_of_record
TN:
SF:dist\schema\types\parent.js
FNF:0
FNH:0
DA:2,1
DA:3,1
DA:4,1
DA:5,1
LF:4
LH:4
BRF:0
BRH:0
end_of_record
TN:
SF:dist\schema\types\parentInput.js
FNF:0
FNH:0
DA:2,1
DA:3,1
DA:4,1
DA:5,1
LF:4
LH:4
BRF:0
BRH:0
end_of_record
TN:
SF:dist\schema\types\queryType.js
FNF:0
FNH:0
DA:2,1
DA:3,1
DA:4,1
DA:5,1
LF:4
LH:4
BRF:0
BRH:0
end_of_record
TN:
SF:dist\schema\types\student.js
FNF:0
FNH:0
DA:2,1
DA:3,1
DA:4,1
DA:5,1
LF:4
LH:4
BRF:0
BRH:0
end_of_record
TN:
SF:dist\schema\types\studentInput.js
FNF:0
FNH:0
DA:2,1
DA:3,1
DA:4,1
DA:5,1
LF:4
LH:4
BRF:0
BRH:0
end_of_record
TN:
SF:dist\schema\types\takenLesson.js
FNF:0
FNH:0
DA:2,1
DA:3,1
DA:4,1
DA:5,1
LF:4
LH:4
BRF:0
BRH:0
end_of_record
TN:
SF:dist\schema\types\teacher.js
FNF:0
FNH:0
DA:2,1
DA:3,1
DA:4,1
DA:5,1
LF:4
LH:4
BRF:0
BRH:0
end_of_record
TN:
SF:dist\schema\types\mutations\updateLessonSubject.js
FNF:0
FNH:0
DA:2,1
DA:3,1
DA:4,1
DA:5,1
LF:4
LH:4
BRF:0
BRH:0
end_of_record
TN:
SF:dist\schema\types\mutations\updateLessonSubjectInput.js
FNF:0
FNH:0
DA:2,1
DA:3,1
DA:4,1
DA:5,1
LF:4
LH:4
BRF:0
BRH:0
end_of_record
TN:
SF:dist\tests\queries.js
FNF:0
FNH:0
DA:2,1
DA:3,1
DA:4,1
DA:5,1
DA:12,1
DA:19,1
DA:26,1
LF:7
LH:7
BRF:0
BRH:0
end_of_record
TN:
SF:src\utils.ts
FN:4,(anonymous_0)
FN:8,(anonymous_1)
FN:18,(anonymous_2)
FN:28,(anonymous_3)
FN:29,(anonymous_4)
FN:37,whiteList
FN:41,(anonymous_6)
FN:47,(anonymous_7)
FNF:8
FNH:5
FNDA:256,(anonymous_0)
FNDA:2,(anonymous_1)
FNDA:15,(anonymous_2)
FNDA:2,(anonymous_3)
FNDA:15,(anonymous_4)
FNDA:0,whiteList
FNDA:0,(anonymous_6)
FNDA:0,(anonymous_7)
DA:1,1
DA:2,1
DA:5,256
DA:9,2
DA:11,2
DA:12,30
DA:15,2
DA:19,15
DA:21,15
DA:22,226
DA:25,15
DA:29,2
DA:30,15
DA:31,15
DA:37,1
DA:39,0
DA:40,0
DA:41,0
DA:43,0
DA:47,1
DA:48,0
DA:49,0
DA:50,0
DA:51,0
DA:53,0
DA:54,0
DA:55,0
DA:56,0
DA:58,0
LF:29
LH:16
BRDA:12,0,0,15
BRDA:22,1,0,113
BRDA:37,2,0,0
BRDA:40,3,0,0
BRDA:40,3,1,0
BRDA:53,4,0,0
BRDA:55,5,0,0
BRF:7
BRH:2
end_of_record
TN:
SF:src\Api\OaApi.ts
FN:5,(anonymous_0)
FNF:1
FNH:1
FNDA:5,(anonymous_0)
DA:3,1
LF:1
LH:1
BRF:0
BRH:0
end_of_record
TN:
SF:src\DB\OaDb.ts
FN:24,(anonymous_8)
FN:42,(anonymous_10)
FN:52,(anonymous_12)
FN:81,(anonymous_14)
FN:122,(anonymous_16)
FN:154,(anonymous_18)
FN:172,(anonymous_20)
FN:180,(anonymous_22)
FNF:8
FNH:0
FNDA:0,(anonymous_8)
FNDA:0,(anonymous_10)
FNDA:0,(anonymous_12)
FNDA:0,(anonymous_14)
FNDA:0,(anonymous_16)
FNDA:0,(anonymous_18)
FNDA:0,(anonymous_20)
FNDA:0,(anonymous_22)
DA:1,1
DA:2,1
DA:3,1
DA:4,1
DA:5,1
DA:6,1
DA:8,1
DA:9,1
DA:10,1
DA:11,1
DA:22,1
DA:26,0
DA:28,0
DA:30,0
DA:33,0
DA:36,0
DA:38,0
DA:43,0
DA:47,0
DA:54,0
DA:55,0
DA:57,0
DA:59,0
DA:62,0
DA:63,0
DA:66,0
DA:67,0
DA:70,0
DA:72,0
DA:75,0
DA:76,0
DA:77,0
DA:83,0
DA:85,0
DA:86,0
DA:87,0
DA:89,0
DA:93,0
DA:94,0
DA:97,0
DA:98,0
DA:101,0
DA:102,0
DA:105,0
DA:106,0
DA:109,0
DA:111,0
DA:115,0
DA:116,0
DA:118,0
DA:127,0
DA:129,0
DA:130,0
DA:131,0
DA:133,0
DA:135,0
DA:136,0
DA:139,0
DA:140,0
DA:143,0
DA:144,0
DA:147,0
DA:148,0
DA:150,0
DA:156,0
DA:157,0
DA:159,0
DA:160,0
DA:164,0
DA:167,0
DA:168,0
DA:169,0
DA:174,0
DA:175,0
DA:176,0
DA:177,0
DA:181,0
DA:182,0
DA:184,0
DA:186,0
LF:80
LH:11
BRDA:24,0,0,0
BRDA:28,1,0,0
BRDA:28,1,1,0
BRDA:52,2,0,0
BRDA:52,3,0,0
BRDA:52,4,0,0
BRDA:57,5,0,0
BRDA:57,6,0,0
BRDA:57,6,1,0
BRDA:62,7,0,0
BRDA:66,8,0,0
BRDA:70,9,0,0
BRDA:81,10,0,0
BRDA:87,11,0,0
BRDA:87,11,1,0
BRDA:87,12,0,0
BRDA:87,12,1,0
BRDA:87,12,2,0
BRDA:87,12,3,0
BRDA:87,12,4,0
BRDA:93,13,0,0
BRDA:97,14,0,0
BRDA:101,15,0,0
BRDA:105,16,0,0
BRDA:109,17,0,0
BRDA:123,18,0,0
BRDA:124,19,0,0
BRDA:125,20,0,0
BRDA:131,21,0,0
BRDA:131,22,0,0
BRDA:131,22,1,0
BRDA:131,22,2,0
BRDA:135,23,0,0
BRDA:139,24,0,0
BRDA:143,25,0,0
BRDA:159,26,0,0
BRDA:159,26,1,0
BRF:37
BRH:0
end_of_record
TN:
SF:src\DB\index.ts
FN:23,(anonymous_0)
FN:28,(anonymous_1)
FN:33,(anonymous_2)
FNF:3
FNH:2
FNDA:5,(anonymous_0)
FNDA:5,(anonymous_1)
FNDA:0,(anonymous_2)
DA:1,1
DA:2,1
DA:18,1
DA:24,5
DA:25,5
DA:29,5
DA:30,5
LF:7
LH:7
BRDA:30,0,0,5
BRDA:30,0,1,0
BRF:2
BRH:1
end_of_record
TN:
SF:src\DB\models\Lesson.ts
FN:15,(anonymous_0)
FNF:1
FNH:0
FNDA:0,(anonymous_0)
DA:2,1
DA:5,1
DA:17,0
LF:3
LH:2
BRF:0
BRH:0
end_of_record
TN:
SF:src\DB\models\Parent.ts
FN:12,(anonymous_0)
FNF:1
FNH:0
FNDA:0,(anonymous_0)
DA:2,1
DA:5,1
DA:15,0
LF:3
LH:2
BRF:0
BRH:0
end_of_record
TN:
SF:src\DB\models\Student.ts
FN:15,(anonymous_0)
FNF:1
FNH:0
FNDA:0,(anonymous_0)
DA:2,1
DA:7,1
DA:18,0
LF:3
LH:2
BRF:0
BRH:0
end_of_record
TN:
SF:src\DB\models\TakenLesson.ts
FN:16,(anonymous_0)
FNF:1
FNH:0
FNDA:0,(anonymous_0)
DA:2,1
DA:5,1
DA:18,0
LF:3
LH:2
BRF:0
BRH:0
end_of_record
TN:
SF:src\DB\models\Teacher.ts
FN:12,(anonymous_0)
FNF:1
FNH:0
FNDA:0,(anonymous_0)
DA:1,1
DA:6,1
DA:14,0
LF:3
LH:2
BRF:0
BRH:0
end_of_record
TN:
SF:src\DB\transforms\lesson.ts
FN:6,(anonymous_0)
FN:11,(anonymous_1)
FN:14,(anonymous_2)
FN:19,(anonymous_3)
FN:34,(anonymous_4)
FN:44,(anonymous_5)
FNF:6
FNH:6
FNDA:2,(anonymous_0)
FNDA:2,(anonymous_1)
FNDA:27,(anonymous_2)
FNDA:27,(anonymous_3)
FNDA:27,(anonymous_4)
FNDA:27,(anonymous_5)
DA:4,1
DA:14,27
DA:21,27
DA:36,27
DA:38,0
DA:41,27
DA:46,27
DA:48,0
DA:51,27
LF:9
LH:7
BRDA:36,0,0,0
BRDA:36,1,0,27
BRDA:36,1,1,27
BRDA:36,1,2,27
BRDA:46,2,0,0
BRDA:46,3,0,27
BRDA:46,3,1,27
BRF:7
BRH:5
end_of_record
TN:
SF:src\DB\transforms\parent.ts
FN:8,(anonymous_0)
FN:10,(anonymous_1)
FN:13,(anonymous_2)
FN:24,(anonymous_3)
FNF:4
FNH:1
FNDA:1,(anonymous_0)
FNDA:0,(anonymous_1)
FNDA:0,(anonymous_2)
FNDA:0,(anonymous_3)
DA:6,1
DA:10,1
DA:15,0
DA:26,0
LF:4
LH:2
BRF:0
BRH:0
end_of_record
TN:
SF:src\DB\transforms\takenLesson.ts
FN:6,(anonymous_0)
FN:8,(anonymous_1)
FN:10,(anonymous_2)
FN:13,(anonymous_3)
FN:27,(anonymous_4)
FNF:5
FNH:0
FNDA:0,(anonymous_0)
FNDA:0,(anonymous_1)
FNDA:0,(anonymous_2)
FNDA:0,(anonymous_3)
FNDA:0,(anonymous_4)
DA:3,1
DA:4,1
DA:10,0
DA:15,0
DA:29,0
DA:32,0
DA:35,0
DA:37,0
DA:40,0
LF:9
LH:2
BRDA:29,0,0,0
BRDA:29,0,1,0
BRDA:29,0,2,0
BRDA:29,0,3,0
BRDA:29,0,4,0
BRF:5
BRH:0
end_of_record
TN:
SF:src\DB\transforms\teacher.ts
FN:7,(anonymous_0)
FN:13,(anonymous_1)
FN:15,(anonymous_2)
FN:18,(anonymous_3)
FNF:4
FNH:0
FNDA:0,(anonymous_0)
FNDA:0,(anonymous_1)
FNDA:0,(anonymous_2)
FNDA:0,(anonymous_3)
DA:4,1
DA:15,0
DA:19,0
LF:3
LH:1
BRF:0
BRH:0
end_of_record
TN:
SF:src\schema\enums.ts
FN:1,(anonymous_0)
FN:13,(anonymous_1)
FNF:2
FNH:2
FNDA:1,(anonymous_0)
FNDA:1,(anonymous_1)
DA:1,1
DA:3,1
DA:4,1
DA:5,1
DA:6,1
DA:7,1
DA:8,1
DA:9,1
DA:10,1
DA:13,1
DA:15,1
DA:16,1
DA:17,1
DA:18,1
DA:19,1
DA:20,1
DA:21,1
LF:17
LH:17
BRDA:1,0,0,1
BRDA:1,0,1,1
BRDA:13,1,0,1
BRDA:13,1,1,1
BRF:4
BRH:4
end_of_record
TN:
SF:src\schema\index.ts
FN:22,(anonymous_8)
FN:22,(anonymous_9)
FN:37,(anonymous_10)
FN:37,(anonymous_11)
FN:50,(anonymous_12)
FN:50,(anonymous_13)
FN:64,(anonymous_14)
FN:64,(anonymous_15)
FN:79,(anonymous_16)
FN:79,(anonymous_17)
FN:94,(anonymous_18)
FN:94,(anonymous_19)
FNF:12
FNH:8
FNDA:1,(anonymous_8)
FNDA:1,(anonymous_9)
FNDA:1,(anonymous_10)
FNDA:1,(anonymous_11)
FNDA:2,(anonymous_12)
FNDA:2,(anonymous_13)
FNDA:1,(anonymous_14)
FNDA:1,(anonymous_15)
FNDA:0,(anonymous_16)
FNDA:0,(anonymous_17)
FNDA:0,(anonymous_18)
FNDA:0,(anonymous_19)
DA:2,1
DA:3,1
DA:5,1
DA:7,1
DA:15,1
DA:22,1
DA:24,1
DA:35,1
DA:37,1
DA:46,1
DA:48,1
DA:50,2
DA:58,2
DA:60,2
DA:62,2
DA:64,1
DA:72,1
DA:74,1
DA:76,1
DA:79,0
DA:87,0
DA:89,0
DA:94,0
DA:103,0
DA:104,0
LF:25
LH:19
BRF:0
BRH:0
end_of_record
TN:
SF:src\schema\types\lesson.ts
FNF:0
FNH:0
DA:1,1
DA:3,1
LF:2
LH:2
BRF:0
BRH:0
end_of_record
TN:
SF:src\schema\types\lessonInput.ts
FNF:0
FNH:0
DA:1,1
DA:3,1
LF:2
LH:2
BRF:0
BRH:0
end_of_record
TN:
SF:src\schema\types\parent.ts
FNF:0
FNH:0
DA:1,1
DA:3,1
LF:2
LH:2
BRF:0
BRH:0
end_of_record
TN:
SF:src\schema\types\parentInput.ts
FNF:0
FNH:0
DA:1,1
DA:3,1
LF:2
LH:2
BRF:0
BRH:0
end_of_record
TN:
SF:src\schema\types\queryType.ts
FNF:0
FNH:0
DA:1,1
DA:3,1
LF:2
LH:2
BRF:0
BRH:0
end_of_record
TN:
SF:src\schema\types\student.ts
FNF:0
FNH:0
DA:1,1
DA:3,1
LF:2
LH:2
BRF:0
BRH:0
end_of_record
TN:
SF:src\schema\types\studentInput.ts
FNF:0
FNH:0
DA:1,1
DA:3,1
LF:2
LH:2
BRF:0
BRH:0
end_of_record
TN:
SF:src\schema\types\takenLesson.ts
FNF:0
FNH:0
DA:1,1
DA:3,1
LF:2
LH:2
BRF:0
BRH:0
end_of_record
TN:
SF:src\schema\types\teacher.ts
FNF:0
FNH:0
DA:1,1
DA:3,1
LF:2
LH:2
BRF:0
BRH:0
end_of_record
TN:
SF:src\schema\types\mutations\updateLessonSubject.ts
FNF:0
FNH:0
DA:1,1
DA:3,1
LF:2
LH:2
BRF:0
BRH:0
end_of_record
TN:
SF:src\schema\types\mutations\updateLessonSubjectInput.ts
FNF:0
FNH:0
DA:1,1
DA:3,1
LF:2
LH:2
BRF:0
BRH:0
end_of_record
TN:
SF:src\tests\queries.ts
FNF:0
FNH:0
DA:1,1
DA:3,1
DA:12,1
DA:22,1
DA:31,1
LF:5
LH:5
BRF:0
BRH:0
end_of_record
